<?xml version="1.0" encoding="UTF-8" ?>
<testsuite errors="0" skipped="0" tests="1" time="5.219" failures="1" name="com.hp.sdf.ngp.search.TestSearchEngineClassInvoke">
  <properties>
[...]
</properties>
  <testcase classname="com.hp.sdf.ngp.search.TestSearchEngineClassInvoke" time="5.203" name="testSearchEngineConditionClassInvoke">
    <failure type="java.lang.AssertionError" message="">java.lang.AssertionError: 
	at org.junit.Assert.fail(Assert.java:92)
	at org.junit.Assert.assertTrue(Assert.java:44)
	at org.junit.Assert.assertFalse(Assert.java:69)
	at org.junit.Assert.assertFalse(Assert.java:80)
	at com.hp.sdf.ngp.search.TestSearchEngineClassInvoke.testSearchEngineConditionClassInvoke(TestSearchEngineClassInvoke.java:150)
	at sun.reflect.NativeMethodAccessorImpl.invoke0(Native Method)
	at sun.reflect.NativeMethodAccessorImpl.invoke(NativeMethodAccessorImpl.java:39)
	at sun.reflect.DelegatingMethodAccessorImpl.invoke(DelegatingMethodAccessorImpl.java:25)
	at java.lang.reflect.Method.invoke(Method.java:585)
	at org.junit.runners.model.FrameworkMethod$1.runReflectiveCall(FrameworkMethod.java:44)
	at org.junit.internal.runners.model.ReflectiveCallable.run(ReflectiveCallable.java:15)
	at org.junit.runners.model.FrameworkMethod.invokeExplosively(FrameworkMethod.java:41)
	at org.junit.internal.runners.statements.InvokeMethod.evaluate(InvokeMethod.java:20)
	at org.junit.internal.runners.statements.RunBefores.evaluate(RunBefores.java:28)
	at org.springframework.test.context.junit4.statements.RunBeforeTestMethodCallbacks.evaluate(RunBeforeTestMethodCallbacks.java:74)
	at org.junit.internal.runners.statements.RunAfters.evaluate(RunAfters.java:31)
	at org.springframework.test.context.junit4.statements.RunAfterTestMethodCallbacks.evaluate(RunAfterTestMethodCallbacks.java:82)
	at org.springframework.test.context.junit4.statements.SpringRepeat.evaluate(SpringRepeat.java:72)
	at org.springframework.test.context.junit4.SpringJUnit4ClassRunner.runChild(SpringJUnit4ClassRunner.java:240)
	at org.junit.runners.BlockJUnit4ClassRunner.runChild(BlockJUnit4ClassRunner.java:44)
	at org.junit.runners.ParentRunner.runChildren(ParentRunner.java:180)
	at org.junit.runners.ParentRunner.access$000(ParentRunner.java:41)
	at org.junit.runners.ParentRunner$1.evaluate(ParentRunner.java:173)
	at org.junit.internal.runners.statements.RunBefores.evaluate(RunBefores.java:28)
	at org.springframework.test.context.junit4.statements.RunBeforeTestClassCallbacks.evaluate(RunBeforeTestClassCallbacks.java:61)
	at org.junit.internal.runners.statements.RunAfters.evaluate(RunAfters.java:31)
	at org.springframework.test.context.junit4.statements.RunAfterTestClassCallbacks.evaluate(RunAfterTestClassCallbacks.java:70)
	at org.junit.runners.ParentRunner.run(ParentRunner.java:220)
	at org.springframework.test.context.junit4.SpringJUnit4ClassRunner.run(SpringJUnit4ClassRunner.java:180)
	at org.apache.maven.surefire.junit4.JUnit4TestSet.execute(JUnit4TestSet.java:62)
	at org.apache.maven.surefire.suite.AbstractDirectoryTestSuite.executeTestSet(AbstractDirectoryTestSuite.java:140)
	at org.apache.maven.surefire.suite.AbstractDirectoryTestSuite.execute(AbstractDirectoryTestSuite.java:127)
	at org.apache.maven.surefire.Surefire.run(Surefire.java:177)
	at sun.reflect.NativeMethodAccessorImpl.invoke0(Native Method)
	at sun.reflect.NativeMethodAccessorImpl.invoke(NativeMethodAccessorImpl.java:39)
	at sun.reflect.DelegatingMethodAccessorImpl.invoke(DelegatingMethodAccessorImpl.java:25)
	at java.lang.reflect.Method.invoke(Method.java:585)
	at org.apache.maven.surefire.booter.SurefireBooter.runSuitesInProcess(SurefireBooter.java:338)
	at org.apache.maven.surefire.booter.SurefireBooter.main(SurefireBooter.java:997)
</failure>
    <system-out>public com.hp.sdf.ngp.api.search.condition.asset.AssetAssetCategoryIdConditionDescriptor(java.lang.Long,com.hp.sdf.ngp.api.search.Condition$NumberComparer)
argument: 100
public com.hp.sdf.ngp.api.search.condition.asset.AssetAssetPriceAmountConditionDescriptor(java.math.BigDecimal,com.hp.sdf.ngp.api.search.Condition$NumberComparer)
argument: 10
public com.hp.sdf.ngp.api.search.condition.asset.AssetAverageUserRatingConditionDescriptor(java.lang.Double,com.hp.sdf.ngp.api.search.Condition$NumberComparer)
argument: 1.11
public com.hp.sdf.ngp.api.search.condition.asset.AssetCurrentVersionIdConditionDescriptor(java.lang.Long,com.hp.sdf.ngp.api.search.Condition$NumberComparer)
argument: 100
public com.hp.sdf.ngp.api.search.condition.asset.AssetDownloadCountConditionDescriptor(java.lang.Long,com.hp.sdf.ngp.api.search.Condition$NumberComparer)
argument: 100
public com.hp.sdf.ngp.api.search.condition.asset.AssetIdConditionDescriptor(java.lang.Long,com.hp.sdf.ngp.api.search.Condition$NumberComparer)
argument: 100
public com.hp.sdf.ngp.api.search.condition.asset.AssetParentIdConditionDescriptor(java.lang.Long,com.hp.sdf.ngp.api.search.Condition$NumberComparer)
argument: 100
public com.hp.sdf.ngp.api.search.condition.asset.AssetPlatformIdConditionDescriptor(java.lang.Long,com.hp.sdf.ngp.api.search.Condition$NumberComparer)
argument: 100
public com.hp.sdf.ngp.api.search.condition.asset.AssetProviderIdConditionDescriptor(java.lang.Long,com.hp.sdf.ngp.api.search.Condition$NumberComparer)
argument: 100
public com.hp.sdf.ngp.api.search.condition.asset.AssetStatusIdConditionDescriptor(java.lang.Long,com.hp.sdf.ngp.api.search.Condition$NumberComparer)
argument: 100
public com.hp.sdf.ngp.api.search.condition.asset.AssetTagIdConditionDescriptor(java.lang.Long,com.hp.sdf.ngp.api.search.Condition$NumberComparer)
argument: 100
public com.hp.sdf.ngp.api.search.condition.assetbinaryversion.AssetBinaryVersionAssetIdConditionDescriptor(java.lang.Long,com.hp.sdf.ngp.api.search.Condition$NumberComparer)
argument: 100
public com.hp.sdf.ngp.api.search.condition.assetbinaryversion.AssetBinaryVersionAssetPriceAmountConditionDescriptor(java.math.BigDecimal,com.hp.sdf.ngp.api.search.Condition$NumberComparer)
argument: 10
public com.hp.sdf.ngp.api.search.condition.assetbinaryversion.AssetBinaryVersionAssetProviderIdConditionDescriptor(java.lang.Long,com.hp.sdf.ngp.api.search.Condition$NumberComparer)
argument: 100
public com.hp.sdf.ngp.api.search.condition.assetbinaryversion.AssetBinaryVersionIdConditionDescriptor(java.lang.Long,com.hp.sdf.ngp.api.search.Condition$NumberComparer)
argument: 100
public com.hp.sdf.ngp.api.search.condition.assetbinaryversion.AssetBinaryVersionOwnerAssetParentIdConditionDescriptor(java.lang.Long,com.hp.sdf.ngp.api.search.Condition$NumberComparer)
argument: 100
public com.hp.sdf.ngp.api.search.condition.assetbinaryversion.AssetBinaryVersionProviderCommissionRateConditionDescriptor(java.lang.Double,com.hp.sdf.ngp.api.search.Condition$NumberComparer)
argument: 1.11
public com.hp.sdf.ngp.api.search.condition.assetbinaryversion.AssetBinaryVersionStatusIdConditionDescriptor(java.lang.Long,com.hp.sdf.ngp.api.search.Condition$NumberComparer)
argument: 100
public com.hp.sdf.ngp.api.search.condition.assetlifecycleactionhistory.AssetLifecycleActionHistoryAssetBinaryVersionIdConditionDescriptor(java.lang.Long,com.hp.sdf.ngp.api.search.Condition$NumberComparer)
argument: 100
public com.hp.sdf.ngp.api.search.condition.assetlifecycleactionhistory.AssetLifecycleActionHistoryAssetIdConditionDescriptor(java.lang.Long,com.hp.sdf.ngp.api.search.Condition$NumberComparer)
argument: 100
public com.hp.sdf.ngp.api.search.condition.comments.CommentsAssetIdConditionDescriptor(java.lang.Long,com.hp.sdf.ngp.api.search.Condition$NumberComparer)
argument: 100
public com.hp.sdf.ngp.api.search.condition.contentprovideroperator.ContentProviderOperatorAssetProviderIdConditionDescriptor(java.lang.Long,com.hp.sdf.ngp.api.search.Condition$NumberComparer)
argument: 100
public com.hp.sdf.ngp.api.search.condition.provider.ProviderIdConditionDescriptor(java.lang.Long,com.hp.sdf.ngp.api.search.Condition$NumberComparer)
argument: 100
public com.hp.sdf.ngp.custom.sbm.api.search.condition.contentitem.ContentItemAssetBinaryVersionIdConditionDescriptor(java.lang.Long,com.hp.sdf.ngp.api.search.Condition$NumberComparer)
argument: 100
public com.hp.sdf.ngp.custom.sbm.api.search.condition.contentitem.ContentItemAssetIdConditionDescriptor(java.lang.Long,com.hp.sdf.ngp.api.search.Condition$NumberComparer)
argument: 100
public com.hp.sdf.ngp.custom.sbm.api.search.condition.handsetdevice.HandSetDeviceResolutionFilterConditionDescriptor(java.lang.Long,com.hp.sdf.ngp.api.search.Condition$NumberComparer)
argument: 100
public com.hp.sdf.ngp.custom.sbm.api.search.condition.parentassetversionsummary.ParentAssetVersionSummaryAssetCategoryIdConditionDescriptor(java.lang.Long,com.hp.sdf.ngp.api.search.Condition$NumberComparer)
argument: 100
public com.hp.sdf.ngp.custom.sbm.api.search.condition.parentassetversionsummary.ParentAssetVersionSummaryAssetProviderIdConditionDescriptor(java.lang.Long,com.hp.sdf.ngp.api.search.Condition$NumberComparer)
argument: 100
public com.hp.sdf.ngp.custom.sbm.api.search.condition.parentassetversionsummary.ParentAssetVersionSummaryLowestPriceConditionDescriptor(java.lang.Double,com.hp.sdf.ngp.api.search.Condition$NumberComparer)
argument: 1.11
public com.hp.sdf.ngp.custom.sbm.api.search.condition.parentassetversionsummary.ParentAssetVersionSummaryNewArrivalFlagConditionDescriptor(java.lang.Long,com.hp.sdf.ngp.api.search.Condition$NumberComparer)
argument: 100
public com.hp.sdf.ngp.custom.sbm.api.search.condition.parentassetversionsummary.ParentAssetVersionSummaryParentAssetIdConditionDescriptor(java.lang.Long,com.hp.sdf.ngp.api.search.Condition$NumberComparer)
argument: 100
public com.hp.sdf.ngp.custom.sbm.api.search.condition.parentassetversionsummary.ParentAssetVersionSummaryRecommendFlagConditionDescriptor(java.lang.Long,com.hp.sdf.ngp.api.search.Condition$NumberComparer)
argument: 100
public com.hp.sdf.ngp.custom.sbm.api.search.condition.parentassetversionsummary.ParentAssetVersionSummarySaleFlagConditionDescriptor(java.lang.Long,com.hp.sdf.ngp.api.search.Condition$NumberComparer)
argument: 100
public com.hp.sdf.ngp.custom.sbm.api.search.condition.parentassetversionsummary.ParentAssetVersionSummarySampleFlagConditionDescriptor(java.lang.Long,com.hp.sdf.ngp.api.search.Condition$NumberComparer)
argument: 100
public com.hp.sdf.ngp.custom.sbm.api.search.condition.purchasehistoryextend.PurchaseHistoryExtendAssetIdConditionDescriptor(java.lang.Long,com.hp.sdf.ngp.api.search.Condition$NumberComparer)
argument: 100
public com.hp.sdf.ngp.custom.sbm.api.search.condition.purchasehistoryextend.PurchaseHistoryExtendItemIdConditionDescriptor(java.lang.Long,com.hp.sdf.ngp.api.search.Condition$NumberComparer)
argument: 100
####Pass:com.hp.sdf.ngp.api.search.condition.asset.AssetAssetCategoryIdConditionDescriptor invoke and construct com.hp.sdf.ngp.search.condition.asset.AssetAssetCategoryIdCondition
####Pass:com.hp.sdf.ngp.api.search.condition.asset.AssetAssetCategoryNameConditionDescriptor invoke and construct com.hp.sdf.ngp.search.condition.asset.AssetAssetCategoryNameCondition
####Pass:com.hp.sdf.ngp.api.search.condition.asset.AssetAssetPriceAmountConditionDescriptor invoke and construct com.hp.sdf.ngp.search.condition.asset.AssetAssetPriceAmountCondition
####Pass:com.hp.sdf.ngp.api.search.condition.asset.AssetAuthoridConditionDescriptor invoke and construct com.hp.sdf.ngp.search.condition.asset.AssetAuthoridCondition
####Pass:com.hp.sdf.ngp.api.search.condition.asset.AssetAverageUserRatingConditionDescriptor invoke and construct com.hp.sdf.ngp.search.condition.asset.AssetAverageUserRatingCondition
####Pass:com.hp.sdf.ngp.api.search.condition.asset.AssetBriefConditionDescriptor invoke and construct com.hp.sdf.ngp.search.condition.asset.AssetBriefCondition
####Pass:com.hp.sdf.ngp.api.search.condition.asset.AssetCreateDateConditionDescriptor invoke and construct com.hp.sdf.ngp.search.condition.asset.AssetCreateDateCondition
####Pass:com.hp.sdf.ngp.api.search.condition.asset.AssetCurrentVersionIdConditionDescriptor invoke and construct com.hp.sdf.ngp.search.condition.asset.AssetCurrentVersionIdCondition
####Pass:com.hp.sdf.ngp.api.search.condition.asset.AssetDescriptionConditionDescriptor invoke and construct com.hp.sdf.ngp.search.condition.asset.AssetDescriptionCondition
####Pass:com.hp.sdf.ngp.api.search.condition.asset.AssetDownloadCountConditionDescriptor invoke and construct com.hp.sdf.ngp.search.condition.asset.AssetDownloadCountCondition
####Pass:com.hp.sdf.ngp.api.search.condition.asset.AssetExternalIdConditionDescriptor invoke and construct com.hp.sdf.ngp.search.condition.asset.AssetExternalIdCondition
####Pass:com.hp.sdf.ngp.api.search.condition.asset.AssetIdConditionDescriptor invoke and construct com.hp.sdf.ngp.search.condition.asset.AssetIdCondition
####Pass:com.hp.sdf.ngp.api.search.condition.asset.AssetLatestVersionConditionDescriptor invoke and construct com.hp.sdf.ngp.search.condition.asset.AssetLatestVersionCondition
####Pass:com.hp.sdf.ngp.api.search.condition.asset.AssetNameConditionDescriptor invoke and construct com.hp.sdf.ngp.search.condition.asset.AssetNameCondition
####Pass:com.hp.sdf.ngp.api.search.condition.asset.AssetParentIdConditionDescriptor invoke and construct com.hp.sdf.ngp.search.condition.asset.AssetParentIdCondition
####Pass:com.hp.sdf.ngp.api.search.condition.asset.AssetParentOnlyConditionDescriptor invoke and construct com.hp.sdf.ngp.search.condition.asset.AssetParentOnlyCondition
####Pass:com.hp.sdf.ngp.api.search.condition.asset.AssetPlatformDescriptionConditionDescriptor invoke and construct com.hp.sdf.ngp.search.condition.asset.AssetPlatformDescriptionCondition
####Pass:com.hp.sdf.ngp.api.search.condition.asset.AssetPlatformIdConditionDescriptor invoke and construct com.hp.sdf.ngp.search.condition.asset.AssetPlatformIdCondition
####Pass:com.hp.sdf.ngp.api.search.condition.asset.AssetPlatformNameConditionDescriptor invoke and construct com.hp.sdf.ngp.search.condition.asset.AssetPlatformNameCondition
####Pass:com.hp.sdf.ngp.api.search.condition.asset.AssetProviderIdConditionDescriptor invoke and construct com.hp.sdf.ngp.search.condition.asset.AssetProviderIdCondition
####Pass:com.hp.sdf.ngp.api.search.condition.asset.AssetSourceConditionDescriptor invoke and construct com.hp.sdf.ngp.search.condition.asset.AssetSourceCondition
####Pass:com.hp.sdf.ngp.api.search.condition.asset.AssetStatusIdConditionDescriptor invoke and construct com.hp.sdf.ngp.search.condition.asset.AssetStatusIdCondition
####Pass:com.hp.sdf.ngp.api.search.condition.asset.AssetStatusNameConditionDescriptor invoke and construct com.hp.sdf.ngp.search.condition.asset.AssetStatusNameCondition
####Pass:com.hp.sdf.ngp.api.search.condition.asset.AssetTagIdConditionDescriptor invoke and construct com.hp.sdf.ngp.search.condition.asset.AssetTagIdCondition
####Pass:com.hp.sdf.ngp.api.search.condition.asset.AssetTagNameConditionDescriptor invoke and construct com.hp.sdf.ngp.search.condition.asset.AssetTagNameCondition
####Pass:com.hp.sdf.ngp.api.search.condition.asset.AssetUpdateDateConditionDescriptor invoke and construct com.hp.sdf.ngp.search.condition.asset.AssetUpdateDateCondition
####Pass:com.hp.sdf.ngp.api.search.condition.assetbinaryversion.AssetBinaryVersionAssetIdConditionDescriptor invoke and construct com.hp.sdf.ngp.search.condition.assetbinaryversion.AssetBinaryVersionAssetIdCondition
####Pass:com.hp.sdf.ngp.api.search.condition.assetbinaryversion.AssetBinaryVersionAssetNameConditionDescriptor invoke and construct com.hp.sdf.ngp.search.condition.assetbinaryversion.AssetBinaryVersionAssetNameCondition
####Pass:com.hp.sdf.ngp.api.search.condition.assetbinaryversion.AssetBinaryVersionAssetPriceAmountConditionDescriptor invoke and construct com.hp.sdf.ngp.search.condition.assetbinaryversion.AssetBinaryVersionAssetPriceAmountCondition
####Pass:com.hp.sdf.ngp.api.search.condition.assetbinaryversion.AssetBinaryVersionAssetPriceCurrencyConditionDescriptor invoke and construct com.hp.sdf.ngp.search.condition.assetbinaryversion.AssetBinaryVersionAssetPriceCurrencyCondition
####Pass:com.hp.sdf.ngp.api.search.condition.assetbinaryversion.AssetBinaryVersionAssetProviderExternalIdConditionDescriptor invoke and construct com.hp.sdf.ngp.search.condition.assetbinaryversion.AssetBinaryVersionAssetProviderExternalIdCondition
####Pass:com.hp.sdf.ngp.api.search.condition.assetbinaryversion.AssetBinaryVersionAssetProviderIdConditionDescriptor invoke and construct com.hp.sdf.ngp.search.condition.assetbinaryversion.AssetBinaryVersionAssetProviderIdCondition
####Pass:com.hp.sdf.ngp.api.search.condition.assetbinaryversion.AssetBinaryVersionCategoryNameConditionDescriptor invoke and construct com.hp.sdf.ngp.search.condition.assetbinaryversion.AssetBinaryVersionCategoryNameCondition
####Pass:com.hp.sdf.ngp.api.search.condition.assetbinaryversion.AssetBinaryVersionCurrentVersionConditionDescriptor invoke and construct com.hp.sdf.ngp.search.condition.assetbinaryversion.AssetBinaryVersionCurrentVersionCondition
####Pass:com.hp.sdf.ngp.api.search.condition.assetbinaryversion.AssetBinaryVersionExpireDateConditionDescriptor invoke and construct com.hp.sdf.ngp.search.condition.assetbinaryversion.AssetBinaryVersionExpireDateCondition
####Pass:com.hp.sdf.ngp.api.search.condition.assetbinaryversion.AssetBinaryVersionExternalIdConditionDescriptor invoke and construct com.hp.sdf.ngp.search.condition.assetbinaryversion.AssetBinaryVersionExternalIdCondition
####Pass:com.hp.sdf.ngp.api.search.condition.assetbinaryversion.AssetBinaryVersionIdConditionDescriptor invoke and construct com.hp.sdf.ngp.search.condition.assetbinaryversion.AssetBinaryVersionIdCondition
####Pass:com.hp.sdf.ngp.api.search.condition.assetbinaryversion.AssetBinaryVersionNewArrivalDueDateConditionDescriptor invoke and construct com.hp.sdf.ngp.search.condition.assetbinaryversion.AssetBinaryVersionNewArrivalDueDateCondition
####Pass:com.hp.sdf.ngp.api.search.condition.assetbinaryversion.AssetBinaryVersionNotCurrentVersionConditionDescriptor invoke and construct com.hp.sdf.ngp.search.condition.assetbinaryversion.AssetBinaryVersionNotCurrentVersionCondition
####Pass:com.hp.sdf.ngp.api.search.condition.assetbinaryversion.AssetBinaryVersionOwnerAssetParentIdConditionDescriptor invoke and construct com.hp.sdf.ngp.search.condition.assetbinaryversion.AssetBinaryVersionOwnerAssetParentIdCondition
####Pass:com.hp.sdf.ngp.api.search.condition.assetbinaryversion.AssetBinaryVersionParentOnlyConditionDescriptor invoke and construct com.hp.sdf.ngp.search.condition.assetbinaryversion.AssetBinaryVersionParentOnlyCondition
####Pass:com.hp.sdf.ngp.api.search.condition.assetbinaryversion.AssetBinaryVersionProviderCommissionRateConditionDescriptor invoke and construct com.hp.sdf.ngp.search.condition.assetbinaryversion.AssetBinaryVersionProviderCommissionRateCondition
####Pass:com.hp.sdf.ngp.api.search.condition.assetbinaryversion.AssetBinaryVersionProviderNameConditionDescriptor invoke and construct com.hp.sdf.ngp.search.condition.assetbinaryversion.AssetBinaryVersionProviderNameCondition
####Pass:com.hp.sdf.ngp.api.search.condition.assetbinaryversion.AssetBinaryVersionPublishDateConditionDescriptor invoke and construct com.hp.sdf.ngp.search.condition.assetbinaryversion.AssetBinaryVersionPublishDateCondition
####Pass:com.hp.sdf.ngp.api.search.condition.assetbinaryversion.AssetBinaryVersionRecommendDueDateConditionDescriptor invoke and construct com.hp.sdf.ngp.search.condition.assetbinaryversion.AssetBinaryVersionRecommendDueDateCondition
####Pass:com.hp.sdf.ngp.api.search.condition.assetbinaryversion.AssetBinaryVersionRecommendStartDateConditionDescriptor invoke and construct com.hp.sdf.ngp.search.condition.assetbinaryversion.AssetBinaryVersionRecommendStartDateCondition
####Pass:com.hp.sdf.ngp.api.search.condition.assetbinaryversion.AssetBinaryVersionSourceConditionDescriptor invoke and construct com.hp.sdf.ngp.search.condition.assetbinaryversion.AssetBinaryVersionSourceCondition
####Pass:com.hp.sdf.ngp.api.search.condition.assetbinaryversion.AssetBinaryVersionStatusIdConditionDescriptor invoke and construct com.hp.sdf.ngp.search.condition.assetbinaryversion.AssetBinaryVersionStatusIdCondition
####Pass:com.hp.sdf.ngp.api.search.condition.assetbinaryversion.AssetBinaryVersionStatusNameConditionDescriptor invoke and construct com.hp.sdf.ngp.search.condition.assetbinaryversion.AssetBinaryVersionStatusNameCondition
####Pass:com.hp.sdf.ngp.api.search.condition.assetbinaryversion.AssetBinaryVersionTagNameConditionDescriptor invoke and construct com.hp.sdf.ngp.search.condition.assetbinaryversion.AssetBinaryVersionTagNameCondition
####Pass:com.hp.sdf.ngp.api.search.condition.assetbinaryversion.AssetBinaryVersionVersionNameConditionDescriptor invoke and construct com.hp.sdf.ngp.search.condition.assetbinaryversion.AssetBinaryVersionVersionNameCondition
####Pass:com.hp.sdf.ngp.api.search.condition.assetlifecycleactionhistory.AssetLifecycleActionHistoryAssetBinaryVersionIdConditionDescriptor invoke and construct com.hp.sdf.ngp.search.condition.assetlifecycleactionhistory.AssetLifecycleActionHistoryAssetBinaryVersionIdCondition
####Pass:com.hp.sdf.ngp.api.search.condition.assetlifecycleactionhistory.AssetLifecycleActionHistoryAssetIdConditionDescriptor invoke and construct com.hp.sdf.ngp.search.condition.assetlifecycleactionhistory.AssetLifecycleActionHistoryAssetIdCondition
####Pass:com.hp.sdf.ngp.api.search.condition.assetlifecycleactionhistory.AssetLifecycleActionHistoryCompleteDateConditionDescriptor invoke and construct com.hp.sdf.ngp.search.condition.assetlifecycleactionhistory.AssetLifecycleActionHistoryCompleteDateCondition
####Pass:com.hp.sdf.ngp.api.search.condition.assetlifecycleactionhistory.AssetLifecycleActionHistoryEventConditionDescriptor invoke and construct com.hp.sdf.ngp.search.condition.assetlifecycleactionhistory.AssetLifecycleActionHistoryEventCondition
####Pass:com.hp.sdf.ngp.api.search.condition.assetlifecycleactionhistory.AssetLifecycleActionHistoryExternalIdConditionDescriptor invoke and construct com.hp.sdf.ngp.search.condition.assetlifecycleactionhistory.AssetLifecycleActionHistoryExternalIdCondition
####Pass:com.hp.sdf.ngp.api.search.condition.assetlifecycleactionhistory.AssetLifecycleActionHistoryNotificationDateConditionDescriptor invoke and construct com.hp.sdf.ngp.search.condition.assetlifecycleactionhistory.AssetLifecycleActionHistoryNotificationDateCondition
####Pass:com.hp.sdf.ngp.api.search.condition.assetlifecycleactionhistory.AssetLifecycleActionHistoryPostStatusConditionDescriptor invoke and construct com.hp.sdf.ngp.search.condition.assetlifecycleactionhistory.AssetLifecycleActionHistoryPostStatusCondition
####Pass:com.hp.sdf.ngp.api.search.condition.assetlifecycleactionhistory.AssetLifecycleActionHistoryPreStatusConditionDescriptor invoke and construct com.hp.sdf.ngp.search.condition.assetlifecycleactionhistory.AssetLifecycleActionHistoryPreStatusCondition
####Pass:com.hp.sdf.ngp.api.search.condition.assetlifecycleactionhistory.AssetLifecycleActionHistoryProcessStatusConditionDescriptor invoke and construct com.hp.sdf.ngp.search.condition.assetlifecycleactionhistory.AssetLifecycleActionHistoryProcessStatusCondition
####Pass:com.hp.sdf.ngp.api.search.condition.assetlifecycleactionhistory.AssetLifecycleActionHistoryResultConditionDescriptor invoke and construct com.hp.sdf.ngp.search.condition.assetlifecycleactionhistory.AssetLifecycleActionHistoryResultCondition
####Pass:com.hp.sdf.ngp.api.search.condition.assetlifecycleactionhistory.AssetLifecycleActionHistorySourceConditionDescriptor invoke and construct com.hp.sdf.ngp.search.condition.assetlifecycleactionhistory.AssetLifecycleActionHistorySourceCondition
@@@@Found abstract class, discard :com.hp.sdf.ngp.api.search.condition.basecondition.DateConditionDescriptor
@@@@Found abstract class, discard :com.hp.sdf.ngp.api.search.condition.basecondition.EavConditionDescriptor
@@@@Found abstract class, discard :com.hp.sdf.ngp.api.search.condition.basecondition.NumberConditionDescriptor
@@@@Found abstract class, discard :com.hp.sdf.ngp.api.search.condition.basecondition.StringConditionDescriptor
####Pass:com.hp.sdf.ngp.api.search.condition.category.CategoryExternalIdConditionDescriptor invoke and construct com.hp.sdf.ngp.search.condition.category.CategoryExternalIdCondition
####Pass:com.hp.sdf.ngp.api.search.condition.category.CategoryNameConditionDescriptor invoke and construct com.hp.sdf.ngp.search.condition.category.CategoryNameCondition
####Pass:com.hp.sdf.ngp.api.search.condition.comments.CommentsAssetIdConditionDescriptor invoke and construct com.hp.sdf.ngp.search.condition.comments.CommentsAssetIdCondition
####Pass:com.hp.sdf.ngp.api.search.condition.comments.CommentsAssetSourceConditionDescriptor invoke and construct com.hp.sdf.ngp.search.condition.comments.CommentsAssetSourceCondition
####Pass:com.hp.sdf.ngp.api.search.condition.comments.CommentsUpdateDateConditionDescriptor invoke and construct com.hp.sdf.ngp.search.condition.comments.CommentsUpdateDateCondition
####Pass:com.hp.sdf.ngp.api.search.condition.contentprovideroperator.ContentProviderOperatorAssetProviderIdConditionDescriptor invoke and construct com.hp.sdf.ngp.search.condition.contentprovideroperator.ContentProviderOperatorAssetProviderIdCondition
####Pass:com.hp.sdf.ngp.api.search.condition.contentprovideroperator.ContentProviderOperatorUseridConditionDescriptor invoke and construct com.hp.sdf.ngp.search.condition.contentprovideroperator.ContentProviderOperatorUseridCondition
####Pass:com.hp.sdf.ngp.api.search.condition.eav.EavDateConditionDescriptor invoke and construct com.hp.sdf.ngp.search.condition.eav.EavDateCondition
####Pass:com.hp.sdf.ngp.api.search.condition.eav.EavNumberConditionDescriptor invoke and construct com.hp.sdf.ngp.search.engine.model.SqlCondition
####Pass:com.hp.sdf.ngp.api.search.condition.eav.EavStringConditionDescriptor invoke and construct com.hp.sdf.ngp.search.condition.eav.EavStringCondition
####Pass:com.hp.sdf.ngp.api.search.condition.provider.ProviderExternalIdConditionDescriptor invoke and construct com.hp.sdf.ngp.search.condition.provider.ProviderExternalIdCondition
####Pass:com.hp.sdf.ngp.api.search.condition.provider.ProviderIdConditionDescriptor invoke and construct com.hp.sdf.ngp.search.condition.provider.ProviderIdCondition
####Pass:com.hp.sdf.ngp.api.search.condition.provider.ProviderSourceConditionDescriptor invoke and construct com.hp.sdf.ngp.search.condition.provider.ProviderSourceCondition
####Pass:com.hp.sdf.ngp.api.search.condition.subscriberprofile.SubscriberProfileDisplayNameConditionDescriptor invoke and construct com.hp.sdf.ngp.search.condition.subscriberprofile.SubscriberProfileDisplayNameCondition
####Pass:com.hp.sdf.ngp.api.search.condition.subscriberprofile.SubscriberProfileMsisdnConditionDescriptor invoke and construct com.hp.sdf.ngp.search.condition.subscriberprofile.SubscriberProfileMsisdnCondition
####Pass:com.hp.sdf.ngp.api.search.condition.systemconfig.SystemConfigConfigKeyConditionDescriptor invoke and construct com.hp.sdf.ngp.search.condition.systemconfig.SystemConfigConfigKeyCondition
####Pass:com.hp.sdf.ngp.api.search.condition.systemconfig.SystemConfigValueConditionDescriptor invoke and construct com.hp.sdf.ngp.search.condition.systemconfig.SystemConfigValueCondition
####Pass:com.hp.sdf.ngp.custom.sbm.api.search.condition.clientapplication.ClientApplicationClientNameConditionDescriptor invoke and construct com.hp.sdf.ngp.search.condition.clientapplication.ClientApplicationClientNameCondition
####Pass:com.hp.sdf.ngp.custom.sbm.api.search.condition.clientapplication.ClientApplicationVersionConditionDescriptor invoke and construct com.hp.sdf.ngp.search.condition.clientapplication.ClientApplicationVersionCondition
####Pass:com.hp.sdf.ngp.custom.sbm.api.search.condition.contentitem.ContentItemAssetBinaryVersionIdConditionDescriptor invoke and construct com.hp.sdf.ngp.search.condition.contentitem.ContentItemAssetBinaryVersionIdCondition
####Pass:com.hp.sdf.ngp.custom.sbm.api.search.condition.contentitem.ContentItemAssetExternalIdConditionDescriptor invoke and construct com.hp.sdf.ngp.search.condition.contentitem.ContentItemAssetExternalIdCondition
####Pass:com.hp.sdf.ngp.custom.sbm.api.search.condition.contentitem.ContentItemAssetIdConditionDescriptor invoke and construct com.hp.sdf.ngp.search.condition.contentitem.ContentItemAssetIdCondition
!!!!Fail:com.hp.sdf.ngp.custom.sbm.api.search.condition.contentitem.ContentItemAssetVersionConditionDescriptor can not invoke and construct null
####Pass:com.hp.sdf.ngp.custom.sbm.api.search.condition.contentitem.ContentItemItemIdConditionDescriptor invoke and construct com.hp.sdf.ngp.search.condition.contentitem.ContentItemItemIdCondition
####Pass:com.hp.sdf.ngp.custom.sbm.api.search.condition.contentitem.ContentItemSynchronizeFlagConditionDescriptor invoke and construct com.hp.sdf.ngp.search.condition.contentitem.ContentItemSynchronizeFlagCondition
####Pass:com.hp.sdf.ngp.custom.sbm.api.search.condition.handsetdevice.HandSetDeviceDeviceNameConditionDescriptor invoke and construct com.hp.sdf.ngp.search.condition.handsetdevice.HandSetDeviceDeviceNameCondition
####Pass:com.hp.sdf.ngp.custom.sbm.api.search.condition.handsetdevice.HandSetDeviceFunctionFilterConditionDescriptor invoke and construct com.hp.sdf.ngp.search.condition.handsetdevice.HandSetDeviceFunctionFilterCondition
####Pass:com.hp.sdf.ngp.custom.sbm.api.search.condition.handsetdevice.HandSetDeviceResolutionFilterConditionDescriptor invoke and construct com.hp.sdf.ngp.search.condition.handsetdevice.HandSetDeviceResolutionFilterCondition
####Pass:com.hp.sdf.ngp.custom.sbm.api.search.condition.parentassetversionsummary.ParentAssetVersionSummaryAssetBinaryVersionNameConditionDescriptor invoke and construct com.hp.sdf.ngp.search.condition.parentassetversionsummary.ParentAssetVersionSummaryAssetBinaryVersionNameCondition
####Pass:com.hp.sdf.ngp.custom.sbm.api.search.condition.parentassetversionsummary.ParentAssetVersionSummaryAssetCategoryIdConditionDescriptor invoke and construct com.hp.sdf.ngp.search.condition.parentassetversionsummary.ParentAssetVersionSummaryAssetCategoryIdCondition
####Pass:com.hp.sdf.ngp.custom.sbm.api.search.condition.parentassetversionsummary.ParentAssetVersionSummaryAssetProviderIdConditionDescriptor invoke and construct com.hp.sdf.ngp.search.condition.parentassetversionsummary.ParentAssetVersionSummaryAssetProviderIdCondition
####Pass:com.hp.sdf.ngp.custom.sbm.api.search.condition.parentassetversionsummary.ParentAssetVersionSummaryBinaryVersionStatusNameConditionDescriptor invoke and construct com.hp.sdf.ngp.search.condition.parentassetversionsummary.ParentAssetVersionSummaryBinaryVersionStatusNameCondition
####Pass:com.hp.sdf.ngp.custom.sbm.api.search.condition.parentassetversionsummary.ParentAssetVersionSummaryLowestPriceConditionDescriptor invoke and construct com.hp.sdf.ngp.search.condition.parentassetversionsummary.ParentAssetVersionSummaryLowestPriceCondition
####Pass:com.hp.sdf.ngp.custom.sbm.api.search.condition.parentassetversionsummary.ParentAssetVersionSummaryNewArrivalFlagConditionDescriptor invoke and construct com.hp.sdf.ngp.search.condition.parentassetversionsummary.ParentAssetVersionSummaryNewArrivalFlagCondition
####Pass:com.hp.sdf.ngp.custom.sbm.api.search.condition.parentassetversionsummary.ParentAssetVersionSummaryParentAssetIdConditionDescriptor invoke and construct com.hp.sdf.ngp.search.condition.parentassetversionsummary.ParentAssetVersionSummaryParentAssetIdCondition
####Pass:com.hp.sdf.ngp.custom.sbm.api.search.condition.parentassetversionsummary.ParentAssetVersionSummaryPublishFlagConditionDescriptor invoke and construct com.hp.sdf.ngp.search.condition.parentassetversionsummary.ParentAssetVersionSummaryPublishFlagCondition
####Pass:com.hp.sdf.ngp.custom.sbm.api.search.condition.parentassetversionsummary.ParentAssetVersionSummaryRecommendFlagConditionDescriptor invoke and construct com.hp.sdf.ngp.search.condition.parentassetversionsummary.ParentAssetVersionSummaryRecommendFlagCondition
####Pass:com.hp.sdf.ngp.custom.sbm.api.search.condition.parentassetversionsummary.ParentAssetVersionSummarySaleEndDateConditionDescriptor invoke and construct com.hp.sdf.ngp.search.condition.parentassetversionsummary.ParentAssetVersionSummarySaleEndDateCondition
####Pass:com.hp.sdf.ngp.custom.sbm.api.search.condition.parentassetversionsummary.ParentAssetVersionSummarySaleFlagConditionDescriptor invoke and construct com.hp.sdf.ngp.search.condition.parentassetversionsummary.ParentAssetVersionSummarySaleFlagCondition
####Pass:com.hp.sdf.ngp.custom.sbm.api.search.condition.parentassetversionsummary.ParentAssetVersionSummarySaleStartDateConditionDescriptor invoke and construct com.hp.sdf.ngp.search.condition.parentassetversionsummary.ParentAssetVersionSummarySaleStartDateCondition
####Pass:com.hp.sdf.ngp.custom.sbm.api.search.condition.parentassetversionsummary.ParentAssetVersionSummarySampleFlagConditionDescriptor invoke and construct com.hp.sdf.ngp.search.condition.parentassetversionsummary.ParentAssetVersionSummarySampleFlagCondition
####Pass:com.hp.sdf.ngp.custom.sbm.api.search.condition.parentassetversionsummary.ParentAssetVersionSummaryTagNameConditionDescriptor invoke and construct com.hp.sdf.ngp.search.condition.parentassetversionsummary.ParentAssetVersionSummaryTagNameCondition
####Pass:com.hp.sdf.ngp.custom.sbm.api.search.condition.purchasehistoryextend.PurchaseHistoryExtendAssetIdConditionDescriptor invoke and construct com.hp.sdf.ngp.search.condition.purchasehistoryextend.PurchaseHistoryExtendAssetIdCondition
####Pass:com.hp.sdf.ngp.custom.sbm.api.search.condition.purchasehistoryextend.PurchaseHistoryExtendEventIdConditionDescriptor invoke and construct com.hp.sdf.ngp.search.condition.purchasehistoryextend.PurchaseHistoryExtendEventIdCondition
####Pass:com.hp.sdf.ngp.custom.sbm.api.search.condition.purchasehistoryextend.PurchaseHistoryExtendItemIdConditionDescriptor invoke and construct com.hp.sdf.ngp.search.condition.purchasehistoryextend.PurchaseHistoryExtendItemIdCondition
####Pass:com.hp.sdf.ngp.custom.sbm.api.search.condition.purchasehistoryextend.PurchaseHistoryExtendReqConfirmDateConditionDescriptor invoke and construct com.hp.sdf.ngp.search.condition.purchasehistoryextend.PurchaseHistoryExtendReqConfirmDateCondition
####Pass:com.hp.sdf.ngp.custom.sbm.api.search.condition.purchasehistoryextend.PurchaseHistoryExtendStatusConditionDescriptor invoke and construct com.hp.sdf.ngp.search.condition.purchasehistoryextend.PurchaseHistoryExtendStatusCondition
####Pass:com.hp.sdf.ngp.custom.sbm.api.search.condition.purchasehistoryextend.PurchaseHistoryExtendTempPaidDateConditionDescriptor invoke and construct com.hp.sdf.ngp.search.condition.purchasehistoryextend.PurchaseHistoryExtendTempPaidDateCondition
####Pass:com.hp.sdf.ngp.custom.sbm.api.search.condition.purchasehistoryextend.PurchaseHistoryExtendUserIdConditionDescriptor invoke and construct com.hp.sdf.ngp.search.condition.purchasehistoryextend.PurchaseHistoryExtendUserIdCondition
####Pass:com.hp.sdf.ngp.custom.sbm.api.search.condition.securitytoken.SecurityTokenExpireDateCondtionDescriptor invoke and construct com.hp.sdf.ngp.search.condition.securitytoken.SecurityTokenExpireDateCondtion
####Pass:com.hp.sdf.ngp.custom.sbm.api.search.condition.securitytoken.SecurityTokenImsiConditionDescriptor invoke and construct com.hp.sdf.ngp.search.condition.securitytoken.SecurityTokenImsiCondition
Total count: 113(112 passed. 1 failed.)
</system-out>
    <system-err>java.lang.ClassNotFoundException: com.hp.sdf.ngp.search.condition.contentitem.ContentItemAssetVersionCondition
	at java.net.URLClassLoader$1.run(URLClassLoader.java:200)
	at java.security.AccessController.doPrivileged(Native Method)
	at java.net.URLClassLoader.findClass(URLClassLoader.java:188)
	at java.lang.ClassLoader.loadClass(ClassLoader.java:306)
	at sun.misc.Launcher$AppClassLoader.loadClass(Launcher.java:268)
	at java.lang.ClassLoader.loadClass(ClassLoader.java:251)
	at java.lang.ClassLoader.loadClassInternal(ClassLoader.java:319)
	at java.lang.Class.forName0(Native Method)
	at java.lang.Class.forName(Class.java:164)
	at com.hp.sdf.ngp.api.impl.search.SearchEngineImpl.createCondition(SearchEngineImpl.java:53)
	at com.hp.sdf.ngp.search.TestSearchEngineClassInvoke.testSearchEngineConditionClassInvoke(TestSearchEngineClassInvoke.java:128)
	at sun.reflect.NativeMethodAccessorImpl.invoke0(Native Method)
	at sun.reflect.NativeMethodAccessorImpl.invoke(NativeMethodAccessorImpl.java:39)
	at sun.reflect.DelegatingMethodAccessorImpl.invoke(DelegatingMethodAccessorImpl.java:25)
	at java.lang.reflect.Method.invoke(Method.java:585)
	at org.junit.runners.model.FrameworkMethod$1.runReflectiveCall(FrameworkMethod.java:44)
	at org.junit.internal.runners.model.ReflectiveCallable.run(ReflectiveCallable.java:15)
	at org.junit.runners.model.FrameworkMethod.invokeExplosively(FrameworkMethod.java:41)
	at org.junit.internal.runners.statements.InvokeMethod.evaluate(InvokeMethod.java:20)
	at org.junit.internal.runners.statements.RunBefores.evaluate(RunBefores.java:28)
	at org.springframework.test.context.junit4.statements.RunBeforeTestMethodCallbacks.evaluate(RunBeforeTestMethodCallbacks.java:74)
	at org.junit.internal.runners.statements.RunAfters.evaluate(RunAfters.java:31)
	at org.springframework.test.context.junit4.statements.RunAfterTestMethodCallbacks.evaluate(RunAfterTestMethodCallbacks.java:82)
	at org.springframework.test.context.junit4.statements.SpringRepeat.evaluate(SpringRepeat.java:72)
	at org.springframework.test.context.junit4.SpringJUnit4ClassRunner.runChild(SpringJUnit4ClassRunner.java:240)
	at org.junit.runners.BlockJUnit4ClassRunner.runChild(BlockJUnit4ClassRunner.java:44)
	at org.junit.runners.ParentRunner.runChildren(ParentRunner.java:180)
	at org.junit.runners.ParentRunner.access$000(ParentRunner.java:41)
	at org.junit.runners.ParentRunner$1.evaluate(ParentRunner.java:173)
	at org.junit.internal.runners.statements.RunBefores.evaluate(RunBefores.java:28)
	at org.springframework.test.context.junit4.statements.RunBeforeTestClassCallbacks.evaluate(RunBeforeTestClassCallbacks.java:61)
	at org.junit.internal.runners.statements.RunAfters.evaluate(RunAfters.java:31)
	at org.springframework.test.context.junit4.statements.RunAfterTestClassCallbacks.evaluate(RunAfterTestClassCallbacks.java:70)
	at org.junit.runners.ParentRunner.run(ParentRunner.java:220)
	at org.springframework.test.context.junit4.SpringJUnit4ClassRunner.run(SpringJUnit4ClassRunner.java:180)
	at org.apache.maven.surefire.junit4.JUnit4TestSet.execute(JUnit4TestSet.java:62)
	at org.apache.maven.surefire.suite.AbstractDirectoryTestSuite.executeTestSet(AbstractDirectoryTestSuite.java:140)
	at org.apache.maven.surefire.suite.AbstractDirectoryTestSuite.execute(AbstractDirectoryTestSuite.java:127)
	at org.apache.maven.surefire.Surefire.run(Surefire.java:177)
	at sun.reflect.NativeMethodAccessorImpl.invoke0(Native Method)
	at sun.reflect.NativeMethodAccessorImpl.invoke(NativeMethodAccessorImpl.java:39)
	at sun.reflect.DelegatingMethodAccessorImpl.invoke(DelegatingMethodAccessorImpl.java:25)
	at java.lang.reflect.Method.invoke(Method.java:585)
	at org.apache.maven.surefire.booter.SurefireBooter.runSuitesInProcess(SurefireBooter.java:338)
	at org.apache.maven.surefire.booter.SurefireBooter.main(SurefireBooter.java:997)
</system-err>
  </testcase>
</testsuite>