<?xml version="1.0" encoding="UTF-8" ?>
<testsuite errors="1" skipped="1" tests="50" time="212.797" failures="0" name="com.hp.sdf.ngp.sbm.storeclient.TestClientContentService">
  <properties>
[...]
</properties>
  <testcase classname="com.hp.sdf.ngp.sbm.storeclient.TestClientContentService" time="3.047" name="testCommentsWithCensorWords"/>
  <testcase classname="com.hp.sdf.ngp.sbm.storeclient.TestClientContentService" time="3.016" name="testConstructPurchaseHistoryExtend"/>
  <testcase classname="com.hp.sdf.ngp.sbm.storeclient.TestClientContentService" time="11.328" name="testAddPurchaseHistory"/>
  <testcase classname="com.hp.sdf.ngp.sbm.storeclient.TestClientContentService" time="4.125" name="testUpdatePurchaseHistory"/>
  <testcase classname="com.hp.sdf.ngp.sbm.storeclient.TestClientContentService" time="23.141" name="testSearchPurchaseHistory"/>
  <testcase classname="com.hp.sdf.ngp.sbm.storeclient.TestClientContentService" time="4.906" name="testGetContentItem"/>
  <testcase classname="com.hp.sdf.ngp.sbm.storeclient.TestClientContentService" time="8.875" name="testSearchContentItem"/>
  <testcase classname="com.hp.sdf.ngp.sbm.storeclient.TestClientContentService" time="10.219" name="testIsClientTester"/>
  <testcase classname="com.hp.sdf.ngp.sbm.storeclient.TestClientContentService" time="1.812" name="testAddSecurityToken"/>
  <testcase classname="com.hp.sdf.ngp.sbm.storeclient.TestClientContentService" time="3.375" name="testUpdateSecurityToken"/>
  <testcase classname="com.hp.sdf.ngp.sbm.storeclient.TestClientContentService" time="2.64" name="testDeleteSecurityToken"/>
  <testcase classname="com.hp.sdf.ngp.sbm.storeclient.TestClientContentService" time="4.891" name="testGetSecurityToken"/>
  <testcase classname="com.hp.sdf.ngp.sbm.storeclient.TestClientContentService" time="2.766" name="constructSecurityToken"/>
  <testcase classname="com.hp.sdf.ngp.sbm.storeclient.TestClientContentService" time="1.703" name="searchSecurityToken"/>
  <testcase classname="com.hp.sdf.ngp.sbm.storeclient.TestClientContentService" time="5.343" name="testSearchHandSetDevice"/>
  <testcase classname="com.hp.sdf.ngp.sbm.storeclient.TestClientContentService" time="1.469" name="testAddPurchaseHistoryWithNonexistentAsset"/>
  <testcase classname="com.hp.sdf.ngp.sbm.storeclient.TestClientContentService" time="4.547" name="testGetNonexistentContentItem"/>
  <testcase classname="com.hp.sdf.ngp.sbm.storeclient.TestClientContentService" time="6.516" name="testSearchContentItemWithMoreConditions"/>
  <testcase classname="com.hp.sdf.ngp.sbm.storeclient.TestClientContentService" time="1.484" name="testSearchPurchaseHistoryWithMoreConditions"/>
  <testcase classname="com.hp.sdf.ngp.sbm.storeclient.TestClientContentService" time="1.219" name="testSearchParentAssetVersionSummary"/>
  <testcase classname="com.hp.sdf.ngp.sbm.storeclient.TestClientContentService" time="1.109" name="testSearchBinaryVersionsV2"/>
  <testcase classname="com.hp.sdf.ngp.sbm.storeclient.TestClientContentService" time="0.985" name="testSearchParentAssetVersionSummaryByAssetCatId"/>
  <testcase classname="com.hp.sdf.ngp.sbm.storeclient.TestClientContentService" time="1" name="testSearchParentAssetVersionSummaryWithJoin"/>
  <testcase classname="com.hp.sdf.ngp.sbm.storeclient.TestClientContentService" time="1.203" name="testSearchBinaryVersionsWithUnSupportCompare"/>
  <testcase classname="com.hp.sdf.ngp.sbm.storeclient.TestClientContentService" time="2.297" name="testSearchBinaryVersionsByEavAndOrder"/>
  <testcase classname="com.hp.sdf.ngp.sbm.storeclient.TestClientContentService" time="2" name="testSearchParentAssetVersionSummaryEAV"/>
  <testcase classname="com.hp.sdf.ngp.sbm.storeclient.TestClientContentService" time="1.234" name="testSearchParentAssetVersionSummaryEAV2"/>
  <testcase classname="com.hp.sdf.ngp.sbm.storeclient.TestClientContentService" time="10.578" name="testSearchParentAssetVersionSummaryEAV3"/>
  <testcase classname="com.hp.sdf.ngp.sbm.storeclient.TestClientContentService" time="5.875" name="testSearchBug101"/>
  <testcase classname="com.hp.sdf.ngp.sbm.storeclient.TestClientContentService" time="1.891" name="testBug106"/>
  <testcase classname="com.hp.sdf.ngp.sbm.storeclient.TestClientContentService" time="5.468" name="testParentAsset"/>
  <testcase classname="com.hp.sdf.ngp.sbm.storeclient.TestClientContentService" time="1.094" name="testParentAssetVersionSummaryLowestPriceConditionDescriptor"/>
  <testcase classname="com.hp.sdf.ngp.sbm.storeclient.TestClientContentService" time="1.328" name="testBug120"/>
  <testcase classname="com.hp.sdf.ngp.sbm.storeclient.TestClientContentService" time="0.985" name="testBug121"/>
  <testcase classname="com.hp.sdf.ngp.sbm.storeclient.TestClientContentService" time="0.984" name="testBug103"/>
  <testcase classname="com.hp.sdf.ngp.sbm.storeclient.TestClientContentService" time="0.984" name="testBug127">
    <skipped/>
  </testcase>
  <testcase classname="com.hp.sdf.ngp.sbm.storeclient.TestClientContentService" time="2" name="testBug97"/>
  <testcase classname="com.hp.sdf.ngp.sbm.storeclient.TestClientContentService" time="1.375" name="testBug128"/>
  <testcase classname="com.hp.sdf.ngp.sbm.storeclient.TestClientContentService" time="1.797" name="testBug128_1"/>
  <testcase classname="com.hp.sdf.ngp.sbm.storeclient.TestClientContentService" time="8.031" name="tesBug129"/>
  <testcase classname="com.hp.sdf.ngp.sbm.storeclient.TestClientContentService" time="12.188" name="tesBug129_1"/>
  <testcase classname="com.hp.sdf.ngp.sbm.storeclient.TestClientContentService" time="8.656" name="testBug123_2"/>
  <testcase classname="com.hp.sdf.ngp.sbm.storeclient.TestClientContentService" time="9.578" name="testBug130"/>
  <testcase classname="com.hp.sdf.ngp.sbm.storeclient.TestClientContentService" time="12.156" name="testBug126"/>
  <testcase classname="com.hp.sdf.ngp.sbm.storeclient.TestClientContentService" time="2.86" name="testBug126_2"/>
  <testcase classname="com.hp.sdf.ngp.sbm.storeclient.TestClientContentService" time="2.172" name="testBug126_1">
    <error type="org.springframework.transaction.UnexpectedRollbackException" message="Transaction rolled back because it has been marked as rollback-only">org.springframework.transaction.UnexpectedRollbackException: Transaction rolled back because it has been marked as rollback-only
	at org.springframework.transaction.support.AbstractPlatformTransactionManager.commit(AbstractPlatformTransactionManager.java:717)
	at org.springframework.transaction.interceptor.TransactionAspectSupport.completeTransactionAfterThrowing(TransactionAspectSupport.java:432)
	at org.springframework.transaction.interceptor.TransactionInterceptor.invoke(TransactionInterceptor.java:111)
	at org.springframework.aop.framework.ReflectiveMethodInvocation.proceed(ReflectiveMethodInvocation.java:172)
	at org.springframework.aop.framework.Cglib2AopProxy$DynamicAdvisedInterceptor.intercept(Cglib2AopProxy.java:625)
	at com.hp.sdf.ngp.api.impl.assetcatalog.AssetCatalogServiceImpl$$EnhancerByCGLIB$$aff9d022.deleteBinaryVersion(&lt;generated&gt;)
	at com.hp.sdf.ngp.api.impl.delegate.AssetCatalogServiceDelegate.deleteBinaryVersion(AssetCatalogServiceDelegate.java:185)
	at com.hp.sdf.ngp.sbm.storeclient.TestClientContentService.testBug126_3(TestClientContentService.java:1227)
	at com.hp.sdf.ngp.sbm.storeclient.TestClientContentService.testBug126_1(TestClientContentService.java:1220)
	at sun.reflect.NativeMethodAccessorImpl.invoke0(Native Method)
	at sun.reflect.NativeMethodAccessorImpl.invoke(NativeMethodAccessorImpl.java:39)
	at sun.reflect.DelegatingMethodAccessorImpl.invoke(DelegatingMethodAccessorImpl.java:25)
	at java.lang.reflect.Method.invoke(Method.java:585)
	at org.junit.runners.model.FrameworkMethod$1.runReflectiveCall(FrameworkMethod.java:44)
	at org.junit.internal.runners.model.ReflectiveCallable.run(ReflectiveCallable.java:15)
	at org.junit.runners.model.FrameworkMethod.invokeExplosively(FrameworkMethod.java:41)
	at org.junit.internal.runners.statements.InvokeMethod.evaluate(InvokeMethod.java:20)
	at org.junit.internal.runners.statements.RunBefores.evaluate(RunBefores.java:28)
	at org.springframework.test.context.junit4.statements.RunBeforeTestMethodCallbacks.evaluate(RunBeforeTestMethodCallbacks.java:74)
	at org.junit.internal.runners.statements.RunAfters.evaluate(RunAfters.java:31)
	at org.springframework.test.context.junit4.statements.RunAfterTestMethodCallbacks.evaluate(RunAfterTestMethodCallbacks.java:82)
	at org.springframework.test.context.junit4.statements.SpringRepeat.evaluate(SpringRepeat.java:72)
	at org.springframework.test.context.junit4.SpringJUnit4ClassRunner.runChild(SpringJUnit4ClassRunner.java:240)
	at org.junit.runners.BlockJUnit4ClassRunner.runChild(BlockJUnit4ClassRunner.java:44)
	at org.junit.runners.ParentRunner.runChildren(ParentRunner.java:180)
	at org.junit.runners.ParentRunner.access$000(ParentRunner.java:41)
	at org.junit.runners.ParentRunner$1.evaluate(ParentRunner.java:173)
	at org.junit.internal.runners.statements.RunBefores.evaluate(RunBefores.java:28)
	at org.springframework.test.context.junit4.statements.RunBeforeTestClassCallbacks.evaluate(RunBeforeTestClassCallbacks.java:61)
	at org.junit.internal.runners.statements.RunAfters.evaluate(RunAfters.java:31)
	at org.springframework.test.context.junit4.statements.RunAfterTestClassCallbacks.evaluate(RunAfterTestClassCallbacks.java:70)
	at org.junit.runners.ParentRunner.run(ParentRunner.java:220)
	at org.springframework.test.context.junit4.SpringJUnit4ClassRunner.run(SpringJUnit4ClassRunner.java:180)
	at org.apache.maven.surefire.junit4.JUnit4TestSet.execute(JUnit4TestSet.java:62)
	at org.apache.maven.surefire.suite.AbstractDirectoryTestSuite.executeTestSet(AbstractDirectoryTestSuite.java:140)
	at org.apache.maven.surefire.suite.AbstractDirectoryTestSuite.execute(AbstractDirectoryTestSuite.java:127)
	at org.apache.maven.surefire.Surefire.run(Surefire.java:177)
	at sun.reflect.NativeMethodAccessorImpl.invoke0(Native Method)
	at sun.reflect.NativeMethodAccessorImpl.invoke(NativeMethodAccessorImpl.java:39)
	at sun.reflect.DelegatingMethodAccessorImpl.invoke(DelegatingMethodAccessorImpl.java:25)
	at java.lang.reflect.Method.invoke(Method.java:585)
	at org.apache.maven.surefire.booter.SurefireBooter.runSuitesInProcess(SurefireBooter.java:338)
	at org.apache.maven.surefire.booter.SurefireBooter.main(SurefireBooter.java:997)
</error>
    <system-out>Hibernate: 
    /* criteria query */ select
        distinct this_.id as y0_ 
    from
        AssetBinaryVersion this_ 
    left outer join
        AttributeValueChar attributev1_ 
            on this_.entityId=attributev1_.entityId 
    left outer join
        Attribute attribute2_ 
            on attributev1_.attributeID=attribute2_.attributeID 
    where
        this_.externalId=? 
        and (
            attributev1_.value=? 
            and attribute2_.attributeName=?
        ) limit ?
Hibernate: 
    /* criteria query */ select
        this_.id as id39_1_,
        this_.entityId as entityId39_1_,
        this_.brief as brief39_1_,
        this_.expireDate as expireDate39_1_,
        this_.externalId as externalId39_1_,
        this_.newArrivalDueDate as newArriv6_39_1_,
        this_.publishDate as publishD7_39_1_,
        this_.recommendDueDate as recommen8_39_1_,
        this_.recommendStartDate as recommen9_39_1_,
        this_.recommendUpdateDate as recomme10_39_1_,
        this_.ASSETID as ASSETID39_1_,
        this_.createDate as createDate39_1_,
        this_.thumbnailBigLocation as thumbna12_39_1_,
        this_.thumbnailMiddleLocation as thumbna13_39_1_,
        this_.thumbnailLocation as thumbna14_39_1_,
        this_.recommendOrder as recomme15_39_1_,
        this_.ownerAssetParentId as ownerAs16_39_1_,
        this_.updateDate as updateDate39_1_,
        this_.name as name39_1_,
        this_.location as location39_1_,
        this_.fileName as fileName39_1_,
        this_.fileSize as fileSize39_1_,
        this_.version as version39_1_,
        this_.description as descrip23_39_1_,
        this_.STATUSID as STATUSID39_1_,
        status2_.id as id67_0_,
        status2_.type as type67_0_,
        status2_.displayName as displayN3_67_0_,
        status2_.status as status67_0_ 
    from
        AssetBinaryVersion this_ 
    left outer join
        Status status2_ 
            on this_.STATUSID=status2_.id 
    where
        this_.id in (
            ?, ?
        )
Hibernate: 
    /* load com.hp.sdf.ngp.model.AssetBinaryVersion */ select
        assetbinar0_.id as id39_0_,
        assetbinar0_.entityId as entityId39_0_,
        assetbinar0_.brief as brief39_0_,
        assetbinar0_.expireDate as expireDate39_0_,
        assetbinar0_.externalId as externalId39_0_,
        assetbinar0_.newArrivalDueDate as newArriv6_39_0_,
        assetbinar0_.publishDate as publishD7_39_0_,
        assetbinar0_.recommendDueDate as recommen8_39_0_,
        assetbinar0_.recommendStartDate as recommen9_39_0_,
        assetbinar0_.recommendUpdateDate as recomme10_39_0_,
        assetbinar0_.ASSETID as ASSETID39_0_,
        assetbinar0_.createDate as createDate39_0_,
        assetbinar0_.thumbnailBigLocation as thumbna12_39_0_,
        assetbinar0_.thumbnailMiddleLocation as thumbna13_39_0_,
        assetbinar0_.thumbnailLocation as thumbna14_39_0_,
        assetbinar0_.recommendOrder as recomme15_39_0_,
        assetbinar0_.ownerAssetParentId as ownerAs16_39_0_,
        assetbinar0_.updateDate as updateDate39_0_,
        assetbinar0_.name as name39_0_,
        assetbinar0_.location as location39_0_,
        assetbinar0_.fileName as fileName39_0_,
        assetbinar0_.fileSize as fileSize39_0_,
        assetbinar0_.version as version39_0_,
        assetbinar0_.description as descrip23_39_0_,
        assetbinar0_.STATUSID as STATUSID39_0_ 
    from
        AssetBinaryVersion assetbinar0_ 
    where
        assetbinar0_.id=?
Hibernate: 
    /* load com.hp.sdf.ngp.eav.model.Entity */ select
        entity0_.entityID as entityID35_0_,
        entity0_.entityType as entityType35_0_ 
    from
        Entity entity0_ 
    where
        entity0_.entityID=?
Hibernate: 
    /* load com.hp.sdf.ngp.eav.model.Entity */ select
        entity0_.entityID as entityID35_0_,
        entity0_.entityType as entityType35_0_ 
    from
        Entity entity0_ 
    where
        entity0_.entityID=?
Hibernate: 
    /* load one-to-many com.hp.sdf.ngp.eav.model.Entity.attributes */ select
        attributes0_.ENTITYID as ENTITYID1_,
        attributes0_.id as id1_,
        attributes0_.id as id36_0_,
        attributes0_.attributeType as attribut2_36_0_,
        attributes0_.attributeValueID as attribut3_36_0_,
        attributes0_.ENTITYID as ENTITYID36_0_ 
    from
        EntityAttribute attributes0_ 
    where
        attributes0_.ENTITYID=?
Hibernate: 
    /* load com.hp.sdf.ngp.eav.model.AttributeValueChar */ select
        attributev0_.attributeValueID as attribut1_31_0_,
        attributev0_.entityId as entityId31_0_,
        attributev0_.attributeID as attribut4_31_0_,
        attributev0_.value as value31_0_ 
    from
        AttributeValueChar attributev0_ 
    where
        attributev0_.attributeValueID=?
Hibernate: 
    /* load com.hp.sdf.ngp.eav.model.AttributeValueChar */ select
        attributev0_.attributeValueID as attribut1_31_0_,
        attributev0_.entityId as entityId31_0_,
        attributev0_.attributeID as attribut4_31_0_,
        attributev0_.value as value31_0_ 
    from
        AttributeValueChar attributev0_ 
    where
        attributev0_.attributeValueID=?
Hibernate: 
    /* load com.hp.sdf.ngp.eav.model.Attribute */ select
        attribute0_.attributeID as attribut1_30_0_,
        attribute0_.attributeType as attribut2_30_0_,
        attribute0_.attributeName as attribut3_30_0_,
        attribute0_.attributeDesc as attribut4_30_0_ 
    from
        Attribute attribute0_ 
    where
        attribute0_.attributeID=?
Hibernate: 
    /* load com.hp.sdf.ngp.eav.model.Attribute */ select
        attribute0_.attributeID as attribut1_30_0_,
        attribute0_.attributeType as attribut2_30_0_,
        attribute0_.attributeName as attribut3_30_0_,
        attribute0_.attributeDesc as attribut4_30_0_ 
    from
        Attribute attribute0_ 
    where
        attribute0_.attributeID=?
Hibernate: 
    /* load com.hp.sdf.ngp.eav.model.AttributeValueNumber */ select
        attributev0_.attributeValueID as attribut1_34_0_,
        attributev0_.entityId as entityId34_0_,
        attributev0_.attributeID as attribut4_34_0_,
        attributev0_.value as value34_0_ 
    from
        AttributeValueNumber attributev0_ 
    where
        attributev0_.attributeValueID=?
Hibernate: 
    /* criteria query */ select
        distinct this_.attributeID as y0_ 
    from
        Attribute this_ 
    where
        this_.attributeName=? limit ?
Hibernate: 
    /* load com.hp.sdf.ngp.eav.model.Entity */ select
        entity0_.entityID as entityID35_0_,
        entity0_.entityType as entityType35_0_ 
    from
        Entity entity0_ 
    where
        entity0_.entityID=?
Hibernate: 
    /* load one-to-many com.hp.sdf.ngp.eav.model.Entity.attributes */ select
        attributes0_.ENTITYID as ENTITYID1_,
        attributes0_.id as id1_,
        attributes0_.id as id36_0_,
        attributes0_.attributeType as attribut2_36_0_,
        attributes0_.attributeValueID as attribut3_36_0_,
        attributes0_.ENTITYID as ENTITYID36_0_ 
    from
        EntityAttribute attributes0_ 
    where
        attributes0_.ENTITYID=?
Hibernate: 
    /* load com.hp.sdf.ngp.eav.model.AttributeValueChar */ select
        attributev0_.attributeValueID as attribut1_31_0_,
        attributev0_.entityId as entityId31_0_,
        attributev0_.attributeID as attribut4_31_0_,
        attributev0_.value as value31_0_ 
    from
        AttributeValueChar attributev0_ 
    where
        attributev0_.attributeValueID=?
Hibernate: 
    /* load com.hp.sdf.ngp.eav.model.Attribute */ select
        attribute0_.attributeID as attribut1_30_0_,
        attribute0_.attributeType as attribut2_30_0_,
        attribute0_.attributeName as attribut3_30_0_,
        attribute0_.attributeDesc as attribut4_30_0_ 
    from
        Attribute attribute0_ 
    where
        attribute0_.attributeID=?
Hibernate: 
    /* load com.hp.sdf.ngp.eav.model.AttributeValueNumber */ select
        attributev0_.attributeValueID as attribut1_34_0_,
        attributev0_.entityId as entityId34_0_,
        attributev0_.attributeID as attribut4_34_0_,
        attributev0_.value as value34_0_ 
    from
        AttributeValueNumber attributev0_ 
    where
        attributev0_.attributeValueID=?
Hibernate: 
    /* criteria query */ select
        distinct this_.id as y0_ 
    from
        AssetTagRelation this_ 
    where
        this_.ASSETID=? 
        and this_.VERSIONID=? limit ?
Hibernate: 
    /* load com.hp.sdf.ngp.model.AssetTagRelation */ select
        assettagre0_.id as id48_0_,
        assettagre0_.VERSIONID as VERSIONID48_0_,
        assettagre0_.ASSETID as ASSETID48_0_,
        assettagre0_.TAGID as TAGID48_0_ 
    from
        AssetTagRelation assettagre0_ 
    where
        assettagre0_.id=?
Hibernate: 
    /* load com.hp.sdf.ngp.model.Tag */ select
        tag0_.id as id70_0_,
        tag0_.name as name70_0_,
        tag0_.description as descript3_70_0_ 
    from
        Tag tag0_ 
    where
        tag0_.id=?
Hibernate: 
    /* load one-to-many com.hp.sdf.ngp.model.AssetBinaryVersion.screenShotses */ select
        screenshot0_.VERSIONID as VERSIONID1_,
        screenshot0_.id as id1_,
        screenshot0_.id as id63_0_,
        screenshot0_.VERSIONID as VERSIONID63_0_,
        screenshot0_.ASSETID as ASSETID63_0_,
        screenshot0_.createDate as createDate63_0_,
        screenshot0_.storeLocation as storeLoc3_63_0_,
        screenshot0_.mediaType as mediaType63_0_,
        screenshot0_.description as descript5_63_0_,
        screenshot0_.sequence as sequence63_0_ 
    from
        ScreenShots screenshot0_ 
    where
        screenshot0_.VERSIONID=?
Hibernate: 
    /* load com.hp.sdf.ngp.model.Asset */ select
        asset0_.id as id38_2_,
        asset0_.entityId as entityId38_2_,
        asset0_.brief as brief38_2_,
        asset0_.externalId as externalId38_2_,
        asset0_.newArrivalDueDate as newArriv5_38_2_,
        asset0_.publishDate as publishD6_38_2_,
        asset0_.recommendDueDate as recommen7_38_2_,
        asset0_.recommendStartDate as recommen8_38_2_,
        asset0_.recommendUpdateDate as recommen9_38_2_,
        asset0_.PARENTID as PARENTID38_2_,
        asset0_.PROVIDERID as PROVIDERID38_2_,
        asset0_.downloadCount as downloa10_38_2_,
        asset0_.docUrl as docUrl38_2_,
        asset0_.createDate as createDate38_2_,
        asset0_.currentVersionId as current13_38_2_,
        asset0_.averageUserRating as average14_38_2_,
        asset0_.thumbnailBigLocation as thumbna15_38_2_,
        asset0_.thumbnailMiddleLocation as thumbna16_38_2_,
        asset0_.thumbnailLocation as thumbna17_38_2_,
        asset0_.recommendOrder as recomme18_38_2_,
        asset0_.updateDate as updateDate38_2_,
        asset0_.authorid as authorid38_2_,
        asset0_.currentVersion as current21_38_2_,
        asset0_.assetHomePage as assetHo22_38_2_,
        asset0_.name as name38_2_,
        asset0_.source as source38_2_,
        asset0_.description as descrip25_38_2_,
        asset0_.STATUSID as STATUSID38_2_,
        assetratin1_.ASSETID as ASSETID4_,
        assetratin1_.id as id4_,
        assetratin1_.id as id46_0_,
        assetratin1_.ASSETID as ASSETID46_0_,
        assetratin1_.userid as userid46_0_,
        assetratin1_.rating as rating46_0_,
        assetratin1_.createDate as createDate46_0_,
        assetratin1_.description as descript5_46_0_,
        status2_.id as id67_1_,
        status2_.type as type67_1_,
        status2_.displayName as displayN3_67_1_,
        status2_.status as status67_1_ 
    from
        Asset asset0_ 
    left outer join
        AssetRating assetratin1_ 
            on asset0_.id=assetratin1_.ASSETID 
    inner join
        Status status2_ 
            on asset0_.STATUSID=status2_.id 
    where
        asset0_.id=?
Hibernate: 
    /* load one-to-many com.hp.sdf.ngp.model.AssetBinaryVersion.assetCategoryRelations */ select
        assetcateg0_.VERSIONID as VERSIONID1_,
        assetcateg0_.id as id1_,
        assetcateg0_.id as id40_0_,
        assetcateg0_.VERSIONID as VERSIONID40_0_,
        assetcateg0_.CTGID as CTGID40_0_,
        assetcateg0_.ASSETID as ASSETID40_0_ 
    from
        AssetCategoryRelation assetcateg0_ 
    where
        assetcateg0_.VERSIONID=?
Hibernate: 
    /* load com.hp.sdf.ngp.model.AssetRating */ select
        assetratin0_.id as id46_0_,
        assetratin0_.ASSETID as ASSETID46_0_,
        assetratin0_.userid as userid46_0_,
        assetratin0_.rating as rating46_0_,
        assetratin0_.createDate as createDate46_0_,
        assetratin0_.description as descript5_46_0_ 
    from
        AssetRating assetratin0_ 
    where
        assetratin0_.id=?
Hibernate: 
    /* load com.hp.sdf.ngp.model.Asset */ select
        asset0_.id as id38_1_,
        asset0_.entityId as entityId38_1_,
        asset0_.brief as brief38_1_,
        asset0_.externalId as externalId38_1_,
        asset0_.newArrivalDueDate as newArriv5_38_1_,
        asset0_.publishDate as publishD6_38_1_,
        asset0_.recommendDueDate as recommen7_38_1_,
        asset0_.recommendStartDate as recommen8_38_1_,
        asset0_.recommendUpdateDate as recommen9_38_1_,
        asset0_.PARENTID as PARENTID38_1_,
        asset0_.PROVIDERID as PROVIDERID38_1_,
        asset0_.downloadCount as downloa10_38_1_,
        asset0_.docUrl as docUrl38_1_,
        asset0_.createDate as createDate38_1_,
        asset0_.currentVersionId as current13_38_1_,
        asset0_.averageUserRating as average14_38_1_,
        asset0_.thumbnailBigLocation as thumbna15_38_1_,
        asset0_.thumbnailMiddleLocation as thumbna16_38_1_,
        asset0_.thumbnailLocation as thumbna17_38_1_,
        asset0_.recommendOrder as recomme18_38_1_,
        asset0_.updateDate as updateDate38_1_,
        asset0_.authorid as authorid38_1_,
        asset0_.currentVersion as current21_38_1_,
        asset0_.assetHomePage as assetHo22_38_1_,
        asset0_.name as name38_1_,
        asset0_.source as source38_1_,
        asset0_.description as descrip25_38_1_,
        asset0_.STATUSID as STATUSID38_1_,
        screenshot1_.ASSETID as ASSETID3_,
        screenshot1_.id as id3_,
        screenshot1_.id as id63_0_,
        screenshot1_.VERSIONID as VERSIONID63_0_,
        screenshot1_.ASSETID as ASSETID63_0_,
        screenshot1_.createDate as createDate63_0_,
        screenshot1_.storeLocation as storeLoc3_63_0_,
        screenshot1_.mediaType as mediaType63_0_,
        screenshot1_.description as descript5_63_0_,
        screenshot1_.sequence as sequence63_0_ 
    from
        Asset asset0_ 
    left outer join
        ScreenShots screenshot1_ 
            on asset0_.id=screenshot1_.ASSETID 
    where
        asset0_.id=?
Hibernate: 
    /* load one-to-many com.hp.sdf.ngp.model.Asset.assetRatings */ select
        assetratin0_.ASSETID as ASSETID1_,
        assetratin0_.id as id1_,
        assetratin0_.id as id46_0_,
        assetratin0_.ASSETID as ASSETID46_0_,
        assetratin0_.userid as userid46_0_,
        assetratin0_.rating as rating46_0_,
        assetratin0_.createDate as createDate46_0_,
        assetratin0_.description as descript5_46_0_ 
    from
        AssetRating assetratin0_ 
    where
        assetratin0_.ASSETID=?
Hibernate: 
    /* load one-to-many com.hp.sdf.ngp.model.Asset.assetPrices */ select
        assetprice0_.ASSETID as ASSETID1_,
        assetprice0_.id as id1_,
        assetprice0_.id as id45_0_,
        assetprice0_.VERSIONID as VERSIONID45_0_,
        assetprice0_.ASSETID as ASSETID45_0_,
        assetprice0_.amount as amount45_0_,
        assetprice0_.currency as currency45_0_ 
    from
        AssetPrice assetprice0_ 
    where
        assetprice0_.ASSETID=?
Hibernate: 
    /* criteria query */ select
        distinct this_.id as y0_ 
    from
        ScreenShots this_ 
    where
        this_.ASSETID=? limit ?
Hibernate: 
    /* criteria query */ select
        this_.id as id63_0_,
        this_.VERSIONID as VERSIONID63_0_,
        this_.ASSETID as ASSETID63_0_,
        this_.createDate as createDate63_0_,
        this_.storeLocation as storeLoc3_63_0_,
        this_.mediaType as mediaType63_0_,
        this_.description as descript5_63_0_,
        this_.sequence as sequence63_0_ 
    from
        ScreenShots this_ 
    where
        this_.id in (
            ?, ?, ?
        )
Hibernate: 
    /* load com.hp.sdf.ngp.model.AssetBinaryVersion */ select
        assetbinar0_.id as id39_1_,
        assetbinar0_.entityId as entityId39_1_,
        assetbinar0_.brief as brief39_1_,
        assetbinar0_.expireDate as expireDate39_1_,
        assetbinar0_.externalId as externalId39_1_,
        assetbinar0_.newArrivalDueDate as newArriv6_39_1_,
        assetbinar0_.publishDate as publishD7_39_1_,
        assetbinar0_.recommendDueDate as recommen8_39_1_,
        assetbinar0_.recommendStartDate as recommen9_39_1_,
        assetbinar0_.recommendUpdateDate as recomme10_39_1_,
        assetbinar0_.ASSETID as ASSETID39_1_,
        assetbinar0_.createDate as createDate39_1_,
        assetbinar0_.thumbnailBigLocation as thumbna12_39_1_,
        assetbinar0_.thumbnailMiddleLocation as thumbna13_39_1_,
        assetbinar0_.thumbnailLocation as thumbna14_39_1_,
        assetbinar0_.recommendOrder as recomme15_39_1_,
        assetbinar0_.ownerAssetParentId as ownerAs16_39_1_,
        assetbinar0_.updateDate as updateDate39_1_,
        assetbinar0_.name as name39_1_,
        assetbinar0_.location as location39_1_,
        assetbinar0_.fileName as fileName39_1_,
        assetbinar0_.fileSize as fileSize39_1_,
        assetbinar0_.version as version39_1_,
        assetbinar0_.description as descrip23_39_1_,
        assetbinar0_.STATUSID as STATUSID39_1_,
        status1_.id as id67_0_,
        status1_.type as type67_0_,
        status1_.displayName as displayN3_67_0_,
        status1_.status as status67_0_ 
    from
        AssetBinaryVersion assetbinar0_ 
    left outer join
        Status status1_ 
            on assetbinar0_.STATUSID=status1_.id 
    where
        assetbinar0_.id=?
Hibernate: 
    /* criteria query */ select
        distinct this_.id as y0_ 
    from
        AssetTagRelation this_ 
    where
        this_.ASSETID=? limit ?
Hibernate: 
    /* criteria query */ select
        this_.id as id48_0_,
        this_.VERSIONID as VERSIONID48_0_,
        this_.ASSETID as ASSETID48_0_,
        this_.TAGID as TAGID48_0_ 
    from
        AssetTagRelation this_ 
    where
        this_.id in (
            ?, ?, ?
        )
Hibernate: 
    /* load com.hp.sdf.ngp.model.Provider */ select
        provider0_.id as id59_1_,
        provider0_.entityId as entityId59_1_,
        provider0_.externalId as externalId59_1_,
        provider0_.email as email59_1_,
        provider0_.city as city59_1_,
        provider0_.phone as phone59_1_,
        provider0_.homePage as homePage59_1_,
        provider0_.streetAddress as streetAd8_59_1_,
        provider0_.commissionRate as commissi9_59_1_,
        provider0_.contractExpireDate as contrac10_59_1_,
        provider0_.contractStartDate as contrac11_59_1_,
        provider0_.settlementRate as settlem12_59_1_,
        provider0_.firstName as firstName59_1_,
        provider0_.lastName as lastName59_1_,
        provider0_.name as name59_1_,
        provider0_.priority as priority59_1_,
        provider0_.country as country59_1_,
        provider0_.locale as locale59_1_,
        provider0_.source as source59_1_,
        provider0_.STATUSID as STATUSID59_1_,
        provider0_.organization as organiz20_59_1_,
        status1_.id as id67_0_,
        status1_.type as type67_0_,
        status1_.displayName as displayN3_67_0_,
        status1_.status as status67_0_ 
    from
        ASSETPROVIDER provider0_ 
    left outer join
        Status status1_ 
            on provider0_.STATUSID=status1_.id 
    where
        provider0_.id=?
Hibernate: 
    /* load com.hp.sdf.ngp.model.ScreenShots */ select
        screenshot0_.id as id63_0_,
        screenshot0_.VERSIONID as VERSIONID63_0_,
        screenshot0_.ASSETID as ASSETID63_0_,
        screenshot0_.createDate as createDate63_0_,
        screenshot0_.storeLocation as storeLoc3_63_0_,
        screenshot0_.mediaType as mediaType63_0_,
        screenshot0_.description as descript5_63_0_,
        screenshot0_.sequence as sequence63_0_ 
    from
        ScreenShots screenshot0_ 
    where
        screenshot0_.id=?
Hibernate: 
    /* load com.hp.sdf.ngp.model.ScreenShots */ select
        screenshot0_.id as id63_0_,
        screenshot0_.VERSIONID as VERSIONID63_0_,
        screenshot0_.ASSETID as ASSETID63_0_,
        screenshot0_.createDate as createDate63_0_,
        screenshot0_.storeLocation as storeLoc3_63_0_,
        screenshot0_.mediaType as mediaType63_0_,
        screenshot0_.description as descript5_63_0_,
        screenshot0_.sequence as sequence63_0_ 
    from
        ScreenShots screenshot0_ 
    where
        screenshot0_.id=?
Hibernate: 
    /* load com.hp.sdf.ngp.model.ScreenShots */ select
        screenshot0_.id as id63_0_,
        screenshot0_.VERSIONID as VERSIONID63_0_,
        screenshot0_.ASSETID as ASSETID63_0_,
        screenshot0_.createDate as createDate63_0_,
        screenshot0_.storeLocation as storeLoc3_63_0_,
        screenshot0_.mediaType as mediaType63_0_,
        screenshot0_.description as descript5_63_0_,
        screenshot0_.sequence as sequence63_0_ 
    from
        ScreenShots screenshot0_ 
    where
        screenshot0_.id=?
Hibernate: 
    /* load com.hp.sdf.ngp.model.AssetPrice */ select
        assetprice0_.id as id45_0_,
        assetprice0_.VERSIONID as VERSIONID45_0_,
        assetprice0_.ASSETID as ASSETID45_0_,
        assetprice0_.amount as amount45_0_,
        assetprice0_.currency as currency45_0_ 
    from
        AssetPrice assetprice0_ 
    where
        assetprice0_.id=?
Hibernate: 
    /* load com.hp.sdf.ngp.model.AssetRating */ select
        assetratin0_.id as id46_0_,
        assetratin0_.ASSETID as ASSETID46_0_,
        assetratin0_.userid as userid46_0_,
        assetratin0_.rating as rating46_0_,
        assetratin0_.createDate as createDate46_0_,
        assetratin0_.description as descript5_46_0_ 
    from
        AssetRating assetratin0_ 
    where
        assetratin0_.id=?
Hibernate: 
    /* load com.hp.sdf.ngp.model.Asset */ select
        asset0_.id as id38_1_,
        asset0_.entityId as entityId38_1_,
        asset0_.brief as brief38_1_,
        asset0_.externalId as externalId38_1_,
        asset0_.newArrivalDueDate as newArriv5_38_1_,
        asset0_.publishDate as publishD6_38_1_,
        asset0_.recommendDueDate as recommen7_38_1_,
        asset0_.recommendStartDate as recommen8_38_1_,
        asset0_.recommendUpdateDate as recommen9_38_1_,
        asset0_.PARENTID as PARENTID38_1_,
        asset0_.PROVIDERID as PROVIDERID38_1_,
        asset0_.downloadCount as downloa10_38_1_,
        asset0_.docUrl as docUrl38_1_,
        asset0_.createDate as createDate38_1_,
        asset0_.currentVersionId as current13_38_1_,
        asset0_.averageUserRating as average14_38_1_,
        asset0_.thumbnailBigLocation as thumbna15_38_1_,
        asset0_.thumbnailMiddleLocation as thumbna16_38_1_,
        asset0_.thumbnailLocation as thumbna17_38_1_,
        asset0_.recommendOrder as recomme18_38_1_,
        asset0_.updateDate as updateDate38_1_,
        asset0_.authorid as authorid38_1_,
        asset0_.currentVersion as current21_38_1_,
        asset0_.assetHomePage as assetHo22_38_1_,
        asset0_.name as name38_1_,
        asset0_.source as source38_1_,
        asset0_.description as descrip25_38_1_,
        asset0_.STATUSID as STATUSID38_1_,
        screenshot1_.ASSETID as ASSETID3_,
        screenshot1_.id as id3_,
        screenshot1_.id as id63_0_,
        screenshot1_.VERSIONID as VERSIONID63_0_,
        screenshot1_.ASSETID as ASSETID63_0_,
        screenshot1_.createDate as createDate63_0_,
        screenshot1_.storeLocation as storeLoc3_63_0_,
        screenshot1_.mediaType as mediaType63_0_,
        screenshot1_.description as descript5_63_0_,
        screenshot1_.sequence as sequence63_0_ 
    from
        Asset asset0_ 
    left outer join
        ScreenShots screenshot1_ 
            on asset0_.id=screenshot1_.ASSETID 
    where
        asset0_.id=?
Hibernate: 
    /* load one-to-many com.hp.sdf.ngp.model.Asset.assetRatings */ select
        assetratin0_.ASSETID as ASSETID1_,
        assetratin0_.id as id1_,
        assetratin0_.id as id46_0_,
        assetratin0_.ASSETID as ASSETID46_0_,
        assetratin0_.userid as userid46_0_,
        assetratin0_.rating as rating46_0_,
        assetratin0_.createDate as createDate46_0_,
        assetratin0_.description as descript5_46_0_ 
    from
        AssetRating assetratin0_ 
    where
        assetratin0_.ASSETID=?
Hibernate: 
    /* load com.hp.sdf.ngp.eav.model.Entity */ select
        entity0_.entityID as entityID35_0_,
        entity0_.entityType as entityType35_0_ 
    from
        Entity entity0_ 
    where
        entity0_.entityID=?
Hibernate: 
    /* load com.hp.sdf.ngp.eav.model.Entity */ select
        entity0_.entityID as entityID35_0_,
        entity0_.entityType as entityType35_0_ 
    from
        Entity entity0_ 
    where
        entity0_.entityID=?
Hibernate: 
    /* load one-to-many com.hp.sdf.ngp.eav.model.Entity.attributes */ select
        attributes0_.ENTITYID as ENTITYID1_,
        attributes0_.id as id1_,
        attributes0_.id as id36_0_,
        attributes0_.attributeType as attribut2_36_0_,
        attributes0_.attributeValueID as attribut3_36_0_,
        attributes0_.ENTITYID as ENTITYID36_0_ 
    from
        EntityAttribute attributes0_ 
    where
        attributes0_.ENTITYID=?
Hibernate: 
    /* load com.hp.sdf.ngp.eav.model.AttributeValueChar */ select
        attributev0_.attributeValueID as attribut1_31_0_,
        attributev0_.entityId as entityId31_0_,
        attributev0_.attributeID as attribut4_31_0_,
        attributev0_.value as value31_0_ 
    from
        AttributeValueChar attributev0_ 
    where
        attributev0_.attributeValueID=?
Hibernate: 
    /* load com.hp.sdf.ngp.eav.model.AttributeValueChar */ select
        attributev0_.attributeValueID as attribut1_31_0_,
        attributev0_.entityId as entityId31_0_,
        attributev0_.attributeID as attribut4_31_0_,
        attributev0_.value as value31_0_ 
    from
        AttributeValueChar attributev0_ 
    where
        attributev0_.attributeValueID=?
Hibernate: 
    /* load com.hp.sdf.ngp.eav.model.Attribute */ select
        attribute0_.attributeID as attribut1_30_0_,
        attribute0_.attributeType as attribut2_30_0_,
        attribute0_.attributeName as attribut3_30_0_,
        attribute0_.attributeDesc as attribut4_30_0_ 
    from
        Attribute attribute0_ 
    where
        attribute0_.attributeID=?
Hibernate: 
    /* load com.hp.sdf.ngp.eav.model.Attribute */ select
        attribute0_.attributeID as attribut1_30_0_,
        attribute0_.attributeType as attribut2_30_0_,
        attribute0_.attributeName as attribut3_30_0_,
        attribute0_.attributeDesc as attribut4_30_0_ 
    from
        Attribute attribute0_ 
    where
        attribute0_.attributeID=?
Hibernate: 
    /* load com.hp.sdf.ngp.eav.model.AttributeValueNumber */ select
        attributev0_.attributeValueID as attribut1_34_0_,
        attributev0_.entityId as entityId34_0_,
        attributev0_.attributeID as attribut4_34_0_,
        attributev0_.value as value34_0_ 
    from
        AttributeValueNumber attributev0_ 
    where
        attributev0_.attributeValueID=?
Hibernate: 
    /* load com.hp.sdf.ngp.eav.model.AttributeValueNumber */ select
        attributev0_.attributeValueID as attribut1_34_0_,
        attributev0_.entityId as entityId34_0_,
        attributev0_.attributeID as attribut4_34_0_,
        attributev0_.value as value34_0_ 
    from
        AttributeValueNumber attributev0_ 
    where
        attributev0_.attributeValueID=?
Hibernate: 
    /* load com.hp.sdf.ngp.eav.model.Attribute */ select
        attribute0_.attributeID as attribut1_30_0_,
        attribute0_.attributeType as attribut2_30_0_,
        attribute0_.attributeName as attribut3_30_0_,
        attribute0_.attributeDesc as attribut4_30_0_ 
    from
        Attribute attribute0_ 
    where
        attribute0_.attributeID=?
Hibernate: 
    /* load com.hp.sdf.ngp.eav.model.Attribute */ select
        attribute0_.attributeID as attribut1_30_0_,
        attribute0_.attributeType as attribut2_30_0_,
        attribute0_.attributeName as attribut3_30_0_,
        attribute0_.attributeDesc as attribut4_30_0_ 
    from
        Attribute attribute0_ 
    where
        attribute0_.attributeID=?
Hibernate: 
    /* load com.hp.sdf.ngp.eav.model.AttributeValueChar */ select
        attributev0_.attributeValueID as attribut1_31_0_,
        attributev0_.entityId as entityId31_0_,
        attributev0_.attributeID as attribut4_31_0_,
        attributev0_.value as value31_0_ 
    from
        AttributeValueChar attributev0_ 
    where
        attributev0_.attributeValueID=?
Hibernate: 
    /* load com.hp.sdf.ngp.eav.model.AttributeValueChar */ select
        attributev0_.attributeValueID as attribut1_31_0_,
        attributev0_.entityId as entityId31_0_,
        attributev0_.attributeID as attribut4_31_0_,
        attributev0_.value as value31_0_ 
    from
        AttributeValueChar attributev0_ 
    where
        attributev0_.attributeValueID=?
Hibernate: 
    /* load com.hp.sdf.ngp.eav.model.Attribute */ select
        attribute0_.attributeID as attribut1_30_0_,
        attribute0_.attributeType as attribut2_30_0_,
        attribute0_.attributeName as attribut3_30_0_,
        attribute0_.attributeDesc as attribut4_30_0_ 
    from
        Attribute attribute0_ 
    where
        attribute0_.attributeID=?
Hibernate: 
    /* load com.hp.sdf.ngp.eav.model.AttributeValueDate */ select
        attributev0_.attributeValueID as attribut1_32_0_,
        attributev0_.entityId as entityId32_0_,
        attributev0_.attributeID as attribut4_32_0_,
        attributev0_.value as value32_0_ 
    from
        AttributeValueDate attributev0_ 
    where
        attributev0_.attributeValueID=?
Hibernate: 
    /* load com.hp.sdf.ngp.eav.model.AttributeValueDate */ select
        attributev0_.attributeValueID as attribut1_32_0_,
        attributev0_.entityId as entityId32_0_,
        attributev0_.attributeID as attribut4_32_0_,
        attributev0_.value as value32_0_ 
    from
        AttributeValueDate attributev0_ 
    where
        attributev0_.attributeValueID=?
Hibernate: 
    /* load com.hp.sdf.ngp.eav.model.Attribute */ select
        attribute0_.attributeID as attribut1_30_0_,
        attribute0_.attributeType as attribut2_30_0_,
        attribute0_.attributeName as attribut3_30_0_,
        attribute0_.attributeDesc as attribut4_30_0_ 
    from
        Attribute attribute0_ 
    where
        attribute0_.attributeID=?
Hibernate: 
    /* load com.hp.sdf.ngp.eav.model.Attribute */ select
        attribute0_.attributeID as attribut1_30_0_,
        attribute0_.attributeType as attribut2_30_0_,
        attribute0_.attributeName as attribut3_30_0_,
        attribute0_.attributeDesc as attribut4_30_0_ 
    from
        Attribute attribute0_ 
    where
        attribute0_.attributeID=?
Hibernate: 
    /* criteria query */ select
        distinct this_.attributeID as y0_ 
    from
        Attribute this_ 
    where
        this_.attributeName=? limit ?
Hibernate: 
    /* load com.hp.sdf.ngp.eav.model.Entity */ select
        entity0_.entityID as entityID35_0_,
        entity0_.entityType as entityType35_0_ 
    from
        Entity entity0_ 
    where
        entity0_.entityID=?
Hibernate: 
    /* load one-to-many com.hp.sdf.ngp.eav.model.Entity.attributes */ select
        attributes0_.ENTITYID as ENTITYID1_,
        attributes0_.id as id1_,
        attributes0_.id as id36_0_,
        attributes0_.attributeType as attribut2_36_0_,
        attributes0_.attributeValueID as attribut3_36_0_,
        attributes0_.ENTITYID as ENTITYID36_0_ 
    from
        EntityAttribute attributes0_ 
    where
        attributes0_.ENTITYID=?
Hibernate: 
    /* load com.hp.sdf.ngp.eav.model.AttributeValueChar */ select
        attributev0_.attributeValueID as attribut1_31_0_,
        attributev0_.entityId as entityId31_0_,
        attributev0_.attributeID as attribut4_31_0_,
        attributev0_.value as value31_0_ 
    from
        AttributeValueChar attributev0_ 
    where
        attributev0_.attributeValueID=?
Hibernate: 
    /* load com.hp.sdf.ngp.eav.model.Attribute */ select
        attribute0_.attributeID as attribut1_30_0_,
        attribute0_.attributeType as attribut2_30_0_,
        attribute0_.attributeName as attribut3_30_0_,
        attribute0_.attributeDesc as attribut4_30_0_ 
    from
        Attribute attribute0_ 
    where
        attribute0_.attributeID=?
Hibernate: 
    /* load com.hp.sdf.ngp.eav.model.AttributeValueNumber */ select
        attributev0_.attributeValueID as attribut1_34_0_,
        attributev0_.entityId as entityId34_0_,
        attributev0_.attributeID as attribut4_34_0_,
        attributev0_.value as value34_0_ 
    from
        AttributeValueNumber attributev0_ 
    where
        attributev0_.attributeValueID=?
Hibernate: 
    /* load com.hp.sdf.ngp.eav.model.Attribute */ select
        attribute0_.attributeID as attribut1_30_0_,
        attribute0_.attributeType as attribut2_30_0_,
        attribute0_.attributeName as attribut3_30_0_,
        attribute0_.attributeDesc as attribut4_30_0_ 
    from
        Attribute attribute0_ 
    where
        attribute0_.attributeID=?
Hibernate: 
    /* load com.hp.sdf.ngp.eav.model.AttributeValueChar */ select
        attributev0_.attributeValueID as attribut1_31_0_,
        attributev0_.entityId as entityId31_0_,
        attributev0_.attributeID as attribut4_31_0_,
        attributev0_.value as value31_0_ 
    from
        AttributeValueChar attributev0_ 
    where
        attributev0_.attributeValueID=?
Hibernate: 
    /* load com.hp.sdf.ngp.eav.model.Attribute */ select
        attribute0_.attributeID as attribut1_30_0_,
        attribute0_.attributeType as attribut2_30_0_,
        attribute0_.attributeName as attribut3_30_0_,
        attribute0_.attributeDesc as attribut4_30_0_ 
    from
        Attribute attribute0_ 
    where
        attribute0_.attributeID=?
Hibernate: 
    /* load com.hp.sdf.ngp.eav.model.AttributeValueDate */ select
        attributev0_.attributeValueID as attribut1_32_0_,
        attributev0_.entityId as entityId32_0_,
        attributev0_.attributeID as attribut4_32_0_,
        attributev0_.value as value32_0_ 
    from
        AttributeValueDate attributev0_ 
    where
        attributev0_.attributeValueID=?
Hibernate: 
    /* load com.hp.sdf.ngp.eav.model.Attribute */ select
        attribute0_.attributeID as attribut1_30_0_,
        attribute0_.attributeType as attribut2_30_0_,
        attribute0_.attributeName as attribut3_30_0_,
        attribute0_.attributeDesc as attribut4_30_0_ 
    from
        Attribute attribute0_ 
    where
        attribute0_.attributeID=?
Hibernate: 
    /* criteria query */ select
        distinct this_.attributeID as y0_ 
    from
        Attribute this_ 
    where
        this_.attributeName=? limit ?
Hibernate: 
    /* load com.hp.sdf.ngp.eav.model.Entity */ select
        entity0_.entityID as entityID35_0_,
        entity0_.entityType as entityType35_0_ 
    from
        Entity entity0_ 
    where
        entity0_.entityID=?
Hibernate: 
    /* load one-to-many com.hp.sdf.ngp.eav.model.Entity.attributes */ select
        attributes0_.ENTITYID as ENTITYID1_,
        attributes0_.id as id1_,
        attributes0_.id as id36_0_,
        attributes0_.attributeType as attribut2_36_0_,
        attributes0_.attributeValueID as attribut3_36_0_,
        attributes0_.ENTITYID as ENTITYID36_0_ 
    from
        EntityAttribute attributes0_ 
    where
        attributes0_.ENTITYID=?
Hibernate: 
    /* load com.hp.sdf.ngp.eav.model.AttributeValueChar */ select
        attributev0_.attributeValueID as attribut1_31_0_,
        attributev0_.entityId as entityId31_0_,
        attributev0_.attributeID as attribut4_31_0_,
        attributev0_.value as value31_0_ 
    from
        AttributeValueChar attributev0_ 
    where
        attributev0_.attributeValueID=?
Hibernate: 
    /* load com.hp.sdf.ngp.eav.model.Attribute */ select
        attribute0_.attributeID as attribut1_30_0_,
        attribute0_.attributeType as attribut2_30_0_,
        attribute0_.attributeName as attribut3_30_0_,
        attribute0_.attributeDesc as attribut4_30_0_ 
    from
        Attribute attribute0_ 
    where
        attribute0_.attributeID=?
Hibernate: 
    /* load com.hp.sdf.ngp.eav.model.AttributeValueNumber */ select
        attributev0_.attributeValueID as attribut1_34_0_,
        attributev0_.entityId as entityId34_0_,
        attributev0_.attributeID as attribut4_34_0_,
        attributev0_.value as value34_0_ 
    from
        AttributeValueNumber attributev0_ 
    where
        attributev0_.attributeValueID=?
Hibernate: 
    /* load com.hp.sdf.ngp.eav.model.Attribute */ select
        attribute0_.attributeID as attribut1_30_0_,
        attribute0_.attributeType as attribut2_30_0_,
        attribute0_.attributeName as attribut3_30_0_,
        attribute0_.attributeDesc as attribut4_30_0_ 
    from
        Attribute attribute0_ 
    where
        attribute0_.attributeID=?
Hibernate: 
    /* load com.hp.sdf.ngp.eav.model.AttributeValueChar */ select
        attributev0_.attributeValueID as attribut1_31_0_,
        attributev0_.entityId as entityId31_0_,
        attributev0_.attributeID as attribut4_31_0_,
        attributev0_.value as value31_0_ 
    from
        AttributeValueChar attributev0_ 
    where
        attributev0_.attributeValueID=?
Hibernate: 
    /* load com.hp.sdf.ngp.eav.model.Attribute */ select
        attribute0_.attributeID as attribut1_30_0_,
        attribute0_.attributeType as attribut2_30_0_,
        attribute0_.attributeName as attribut3_30_0_,
        attribute0_.attributeDesc as attribut4_30_0_ 
    from
        Attribute attribute0_ 
    where
        attribute0_.attributeID=?
Hibernate: 
    /* load com.hp.sdf.ngp.eav.model.AttributeValueDate */ select
        attributev0_.attributeValueID as attribut1_32_0_,
        attributev0_.entityId as entityId32_0_,
        attributev0_.attributeID as attribut4_32_0_,
        attributev0_.value as value32_0_ 
    from
        AttributeValueDate attributev0_ 
    where
        attributev0_.attributeValueID=?
Hibernate: 
    /* load com.hp.sdf.ngp.eav.model.Attribute */ select
        attribute0_.attributeID as attribut1_30_0_,
        attribute0_.attributeType as attribut2_30_0_,
        attribute0_.attributeName as attribut3_30_0_,
        attribute0_.attributeDesc as attribut4_30_0_ 
    from
        Attribute attribute0_ 
    where
        attribute0_.attributeID=?
Hibernate: 
    /* criteria query */ select
        distinct this_.attributeID as y0_ 
    from
        Attribute this_ 
    where
        this_.attributeName=? limit ?
Hibernate: 
    /* load com.hp.sdf.ngp.eav.model.Entity */ select
        entity0_.entityID as entityID35_0_,
        entity0_.entityType as entityType35_0_ 
    from
        Entity entity0_ 
    where
        entity0_.entityID=?
Hibernate: 
    /* load one-to-many com.hp.sdf.ngp.eav.model.Entity.attributes */ select
        attributes0_.ENTITYID as ENTITYID1_,
        attributes0_.id as id1_,
        attributes0_.id as id36_0_,
        attributes0_.attributeType as attribut2_36_0_,
        attributes0_.attributeValueID as attribut3_36_0_,
        attributes0_.ENTITYID as ENTITYID36_0_ 
    from
        EntityAttribute attributes0_ 
    where
        attributes0_.ENTITYID=?
Hibernate: 
    /* load com.hp.sdf.ngp.eav.model.AttributeValueChar */ select
        attributev0_.attributeValueID as attribut1_31_0_,
        attributev0_.entityId as entityId31_0_,
        attributev0_.attributeID as attribut4_31_0_,
        attributev0_.value as value31_0_ 
    from
        AttributeValueChar attributev0_ 
    where
        attributev0_.attributeValueID=?
Hibernate: 
    /* load com.hp.sdf.ngp.eav.model.Attribute */ select
        attribute0_.attributeID as attribut1_30_0_,
        attribute0_.attributeType as attribut2_30_0_,
        attribute0_.attributeName as attribut3_30_0_,
        attribute0_.attributeDesc as attribut4_30_0_ 
    from
        Attribute attribute0_ 
    where
        attribute0_.attributeID=?
Hibernate: 
    /* load com.hp.sdf.ngp.eav.model.AttributeValueNumber */ select
        attributev0_.attributeValueID as attribut1_34_0_,
        attributev0_.entityId as entityId34_0_,
        attributev0_.attributeID as attribut4_34_0_,
        attributev0_.value as value34_0_ 
    from
        AttributeValueNumber attributev0_ 
    where
        attributev0_.attributeValueID=?
Hibernate: 
    /* load com.hp.sdf.ngp.eav.model.Attribute */ select
        attribute0_.attributeID as attribut1_30_0_,
        attribute0_.attributeType as attribut2_30_0_,
        attribute0_.attributeName as attribut3_30_0_,
        attribute0_.attributeDesc as attribut4_30_0_ 
    from
        Attribute attribute0_ 
    where
        attribute0_.attributeID=?
Hibernate: 
    /* load com.hp.sdf.ngp.eav.model.AttributeValueChar */ select
        attributev0_.attributeValueID as attribut1_31_0_,
        attributev0_.entityId as entityId31_0_,
        attributev0_.attributeID as attribut4_31_0_,
        attributev0_.value as value31_0_ 
    from
        AttributeValueChar attributev0_ 
    where
        attributev0_.attributeValueID=?
Hibernate: 
    /* load com.hp.sdf.ngp.eav.model.Attribute */ select
        attribute0_.attributeID as attribut1_30_0_,
        attribute0_.attributeType as attribut2_30_0_,
        attribute0_.attributeName as attribut3_30_0_,
        attribute0_.attributeDesc as attribut4_30_0_ 
    from
        Attribute attribute0_ 
    where
        attribute0_.attributeID=?
Hibernate: 
    /* load com.hp.sdf.ngp.eav.model.AttributeValueDate */ select
        attributev0_.attributeValueID as attribut1_32_0_,
        attributev0_.entityId as entityId32_0_,
        attributev0_.attributeID as attribut4_32_0_,
        attributev0_.value as value32_0_ 
    from
        AttributeValueDate attributev0_ 
    where
        attributev0_.attributeValueID=?
Hibernate: 
    /* load com.hp.sdf.ngp.eav.model.Attribute */ select
        attribute0_.attributeID as attribut1_30_0_,
        attribute0_.attributeType as attribut2_30_0_,
        attribute0_.attributeName as attribut3_30_0_,
        attribute0_.attributeDesc as attribut4_30_0_ 
    from
        Attribute attribute0_ 
    where
        attribute0_.attributeID=?
Hibernate: 
    /* criteria query */ select
        distinct this_.id as y0_ 
    from
        Category this_ 
    left outer join
        AssetCategoryRelation assetcateg1_ 
            on this_.id=assetcateg1_.CTGID 
    left outer join
        Asset asset2_ 
            on assetcateg1_.ASSETID=asset2_.id 
    where
        asset2_.id=? limit ?
Hibernate: 
    /* load com.hp.sdf.ngp.model.Category */ select
        category0_.id as id50_0_,
        category0_.externalId as externalId50_0_,
        category0_.PARENTID as PARENTID50_0_,
        category0_.name as name50_0_,
        category0_.displayName as displayN4_50_0_,
        category0_.source as source50_0_,
        category0_.description as descript6_50_0_ 
    from
        Category category0_ 
    where
        category0_.id=?
Hibernate: 
    /* load one-to-many com.hp.sdf.ngp.model.Asset.assets */ select
        assets0_.PARENTID as PARENTID2_,
        assets0_.id as id2_,
        assets0_.id as id38_1_,
        assets0_.entityId as entityId38_1_,
        assets0_.brief as brief38_1_,
        assets0_.externalId as externalId38_1_,
        assets0_.newArrivalDueDate as newArriv5_38_1_,
        assets0_.publishDate as publishD6_38_1_,
        assets0_.recommendDueDate as recommen7_38_1_,
        assets0_.recommendStartDate as recommen8_38_1_,
        assets0_.recommendUpdateDate as recommen9_38_1_,
        assets0_.PARENTID as PARENTID38_1_,
        assets0_.PROVIDERID as PROVIDERID38_1_,
        assets0_.downloadCount as downloa10_38_1_,
        assets0_.docUrl as docUrl38_1_,
        assets0_.createDate as createDate38_1_,
        assets0_.currentVersionId as current13_38_1_,
        assets0_.averageUserRating as average14_38_1_,
        assets0_.thumbnailBigLocation as thumbna15_38_1_,
        assets0_.thumbnailMiddleLocation as thumbna16_38_1_,
        assets0_.thumbnailLocation as thumbna17_38_1_,
        assets0_.recommendOrder as recomme18_38_1_,
        assets0_.updateDate as updateDate38_1_,
        assets0_.authorid as authorid38_1_,
        assets0_.currentVersion as current21_38_1_,
        assets0_.assetHomePage as assetHo22_38_1_,
        assets0_.name as name38_1_,
        assets0_.source as source38_1_,
        assets0_.description as descrip25_38_1_,
        assets0_.STATUSID as STATUSID38_1_,
        status1_.id as id67_0_,
        status1_.type as type67_0_,
        status1_.displayName as displayN3_67_0_,
        status1_.status as status67_0_ 
    from
        Asset assets0_ 
    inner join
        Status status1_ 
            on assets0_.STATUSID=status1_.id 
    where
        assets0_.PARENTID=?
Hibernate: 
    /* load com.hp.sdf.ngp.model.AssetBinaryVersion */ select
        assetbinar0_.id as id39_0_,
        assetbinar0_.entityId as entityId39_0_,
        assetbinar0_.brief as brief39_0_,
        assetbinar0_.expireDate as expireDate39_0_,
        assetbinar0_.externalId as externalId39_0_,
        assetbinar0_.newArrivalDueDate as newArriv6_39_0_,
        assetbinar0_.publishDate as publishD7_39_0_,
        assetbinar0_.recommendDueDate as recommen8_39_0_,
        assetbinar0_.recommendStartDate as recommen9_39_0_,
        assetbinar0_.recommendUpdateDate as recomme10_39_0_,
        assetbinar0_.ASSETID as ASSETID39_0_,
        assetbinar0_.createDate as createDate39_0_,
        assetbinar0_.thumbnailBigLocation as thumbna12_39_0_,
        assetbinar0_.thumbnailMiddleLocation as thumbna13_39_0_,
        assetbinar0_.thumbnailLocation as thumbna14_39_0_,
        assetbinar0_.recommendOrder as recomme15_39_0_,
        assetbinar0_.ownerAssetParentId as ownerAs16_39_0_,
        assetbinar0_.updateDate as updateDate39_0_,
        assetbinar0_.name as name39_0_,
        assetbinar0_.location as location39_0_,
        assetbinar0_.fileName as fileName39_0_,
        assetbinar0_.fileSize as fileSize39_0_,
        assetbinar0_.version as version39_0_,
        assetbinar0_.description as descrip23_39_0_,
        assetbinar0_.STATUSID as STATUSID39_0_ 
    from
        AssetBinaryVersion assetbinar0_ 
    where
        assetbinar0_.id=?
Hibernate: 
    /* load com.hp.sdf.ngp.eav.model.Entity */ select
        entity0_.entityID as entityID35_0_,
        entity0_.entityType as entityType35_0_ 
    from
        Entity entity0_ 
    where
        entity0_.entityID=?
Hibernate: 
    /* load com.hp.sdf.ngp.eav.model.Entity */ select
        entity0_.entityID as entityID35_0_,
        entity0_.entityType as entityType35_0_ 
    from
        Entity entity0_ 
    where
        entity0_.entityID=?
Hibernate: 
    /* load one-to-many com.hp.sdf.ngp.eav.model.Entity.attributes */ select
        attributes0_.ENTITYID as ENTITYID1_,
        attributes0_.id as id1_,
        attributes0_.id as id36_0_,
        attributes0_.attributeType as attribut2_36_0_,
        attributes0_.attributeValueID as attribut3_36_0_,
        attributes0_.ENTITYID as ENTITYID36_0_ 
    from
        EntityAttribute attributes0_ 
    where
        attributes0_.ENTITYID=?
Hibernate: 
    /* load com.hp.sdf.ngp.eav.model.AttributeValueChar */ select
        attributev0_.attributeValueID as attribut1_31_0_,
        attributev0_.entityId as entityId31_0_,
        attributev0_.attributeID as attribut4_31_0_,
        attributev0_.value as value31_0_ 
    from
        AttributeValueChar attributev0_ 
    where
        attributev0_.attributeValueID=?
Hibernate: 
    /* load com.hp.sdf.ngp.eav.model.AttributeValueChar */ select
        attributev0_.attributeValueID as attribut1_31_0_,
        attributev0_.entityId as entityId31_0_,
        attributev0_.attributeID as attribut4_31_0_,
        attributev0_.value as value31_0_ 
    from
        AttributeValueChar attributev0_ 
    where
        attributev0_.attributeValueID=?
Hibernate: 
    /* load com.hp.sdf.ngp.eav.model.Attribute */ select
        attribute0_.attributeID as attribut1_30_0_,
        attribute0_.attributeType as attribut2_30_0_,
        attribute0_.attributeName as attribut3_30_0_,
        attribute0_.attributeDesc as attribut4_30_0_ 
    from
        Attribute attribute0_ 
    where
        attribute0_.attributeID=?
Hibernate: 
    /* criteria query */ select
        distinct this_.attributeID as y0_ 
    from
        Attribute this_ 
    where
        this_.attributeName=? limit ?
Hibernate: 
    /* load com.hp.sdf.ngp.eav.model.Entity */ select
        entity0_.entityID as entityID35_0_,
        entity0_.entityType as entityType35_0_ 
    from
        Entity entity0_ 
    where
        entity0_.entityID=?
Hibernate: 
    /* load one-to-many com.hp.sdf.ngp.eav.model.Entity.attributes */ select
        attributes0_.ENTITYID as ENTITYID1_,
        attributes0_.id as id1_,
        attributes0_.id as id36_0_,
        attributes0_.attributeType as attribut2_36_0_,
        attributes0_.attributeValueID as attribut3_36_0_,
        attributes0_.ENTITYID as ENTITYID36_0_ 
    from
        EntityAttribute attributes0_ 
    where
        attributes0_.ENTITYID=?
Hibernate: 
    /* load com.hp.sdf.ngp.eav.model.AttributeValueChar */ select
        attributev0_.attributeValueID as attribut1_31_0_,
        attributev0_.entityId as entityId31_0_,
        attributev0_.attributeID as attribut4_31_0_,
        attributev0_.value as value31_0_ 
    from
        AttributeValueChar attributev0_ 
    where
        attributev0_.attributeValueID=?
Hibernate: 
    /* load com.hp.sdf.ngp.eav.model.Attribute */ select
        attribute0_.attributeID as attribut1_30_0_,
        attribute0_.attributeType as attribut2_30_0_,
        attribute0_.attributeName as attribut3_30_0_,
        attribute0_.attributeDesc as attribut4_30_0_ 
    from
        Attribute attribute0_ 
    where
        attribute0_.attributeID=?
Hibernate: 
    /* criteria query */ select
        distinct this_.id as y0_ 
    from
        AssetTagRelation this_ 
    where
        this_.ASSETID=? 
        and this_.VERSIONID=? limit ?
Hibernate: 
    /* load one-to-many com.hp.sdf.ngp.model.AssetBinaryVersion.screenShotses */ select
        screenshot0_.VERSIONID as VERSIONID1_,
        screenshot0_.id as id1_,
        screenshot0_.id as id63_0_,
        screenshot0_.VERSIONID as VERSIONID63_0_,
        screenshot0_.ASSETID as ASSETID63_0_,
        screenshot0_.createDate as createDate63_0_,
        screenshot0_.storeLocation as storeLoc3_63_0_,
        screenshot0_.mediaType as mediaType63_0_,
        screenshot0_.description as descript5_63_0_,
        screenshot0_.sequence as sequence63_0_ 
    from
        ScreenShots screenshot0_ 
    where
        screenshot0_.VERSIONID=?
Hibernate: 
    /* load one-to-many com.hp.sdf.ngp.model.AssetBinaryVersion.assetCategoryRelations */ select
        assetcateg0_.VERSIONID as VERSIONID1_,
        assetcateg0_.id as id1_,
        assetcateg0_.id as id40_0_,
        assetcateg0_.VERSIONID as VERSIONID40_0_,
        assetcateg0_.CTGID as CTGID40_0_,
        assetcateg0_.ASSETID as ASSETID40_0_ 
    from
        AssetCategoryRelation assetcateg0_ 
    where
        assetcateg0_.VERSIONID=?
Hibernate: 
    /* load com.hp.sdf.ngp.model.ScreenShots */ select
        screenshot0_.id as id63_0_,
        screenshot0_.VERSIONID as VERSIONID63_0_,
        screenshot0_.ASSETID as ASSETID63_0_,
        screenshot0_.createDate as createDate63_0_,
        screenshot0_.storeLocation as storeLoc3_63_0_,
        screenshot0_.mediaType as mediaType63_0_,
        screenshot0_.description as descript5_63_0_,
        screenshot0_.sequence as sequence63_0_ 
    from
        ScreenShots screenshot0_ 
    where
        screenshot0_.id=?
Hibernate: 
    /* load com.hp.sdf.ngp.model.ScreenShots */ select
        screenshot0_.id as id63_0_,
        screenshot0_.VERSIONID as VERSIONID63_0_,
        screenshot0_.ASSETID as ASSETID63_0_,
        screenshot0_.createDate as createDate63_0_,
        screenshot0_.storeLocation as storeLoc3_63_0_,
        screenshot0_.mediaType as mediaType63_0_,
        screenshot0_.description as descript5_63_0_,
        screenshot0_.sequence as sequence63_0_ 
    from
        ScreenShots screenshot0_ 
    where
        screenshot0_.id=?
Hibernate: 
    /* load com.hp.sdf.ngp.model.ScreenShots */ select
        screenshot0_.id as id63_0_,
        screenshot0_.VERSIONID as VERSIONID63_0_,
        screenshot0_.ASSETID as ASSETID63_0_,
        screenshot0_.createDate as createDate63_0_,
        screenshot0_.storeLocation as storeLoc3_63_0_,
        screenshot0_.mediaType as mediaType63_0_,
        screenshot0_.description as descript5_63_0_,
        screenshot0_.sequence as sequence63_0_ 
    from
        ScreenShots screenshot0_ 
    where
        screenshot0_.id=?
Hibernate: 
    /* load com.hp.sdf.ngp.model.AssetRating */ select
        assetratin0_.id as id46_0_,
        assetratin0_.ASSETID as ASSETID46_0_,
        assetratin0_.userid as userid46_0_,
        assetratin0_.rating as rating46_0_,
        assetratin0_.createDate as createDate46_0_,
        assetratin0_.description as descript5_46_0_ 
    from
        AssetRating assetratin0_ 
    where
        assetratin0_.id=?
Hibernate: 
    /* load com.hp.sdf.ngp.model.Asset */ select
        asset0_.id as id38_1_,
        asset0_.entityId as entityId38_1_,
        asset0_.brief as brief38_1_,
        asset0_.externalId as externalId38_1_,
        asset0_.newArrivalDueDate as newArriv5_38_1_,
        asset0_.publishDate as publishD6_38_1_,
        asset0_.recommendDueDate as recommen7_38_1_,
        asset0_.recommendStartDate as recommen8_38_1_,
        asset0_.recommendUpdateDate as recommen9_38_1_,
        asset0_.PARENTID as PARENTID38_1_,
        asset0_.PROVIDERID as PROVIDERID38_1_,
        asset0_.downloadCount as downloa10_38_1_,
        asset0_.docUrl as docUrl38_1_,
        asset0_.createDate as createDate38_1_,
        asset0_.currentVersionId as current13_38_1_,
        asset0_.averageUserRating as average14_38_1_,
        asset0_.thumbnailBigLocation as thumbna15_38_1_,
        asset0_.thumbnailMiddleLocation as thumbna16_38_1_,
        asset0_.thumbnailLocation as thumbna17_38_1_,
        asset0_.recommendOrder as recomme18_38_1_,
        asset0_.updateDate as updateDate38_1_,
        asset0_.authorid as authorid38_1_,
        asset0_.currentVersion as current21_38_1_,
        asset0_.assetHomePage as assetHo22_38_1_,
        asset0_.name as name38_1_,
        asset0_.source as source38_1_,
        asset0_.description as descrip25_38_1_,
        asset0_.STATUSID as STATUSID38_1_,
        screenshot1_.ASSETID as ASSETID3_,
        screenshot1_.id as id3_,
        screenshot1_.id as id63_0_,
        screenshot1_.VERSIONID as VERSIONID63_0_,
        screenshot1_.ASSETID as ASSETID63_0_,
        screenshot1_.createDate as createDate63_0_,
        screenshot1_.storeLocation as storeLoc3_63_0_,
        screenshot1_.mediaType as mediaType63_0_,
        screenshot1_.description as descript5_63_0_,
        screenshot1_.sequence as sequence63_0_ 
    from
        Asset asset0_ 
    left outer join
        ScreenShots screenshot1_ 
            on asset0_.id=screenshot1_.ASSETID 
    where
        asset0_.id=?
Hibernate: 
    /* load one-to-many com.hp.sdf.ngp.model.Asset.assetRatings */ select
        assetratin0_.ASSETID as ASSETID1_,
        assetratin0_.id as id1_,
        assetratin0_.id as id46_0_,
        assetratin0_.ASSETID as ASSETID46_0_,
        assetratin0_.userid as userid46_0_,
        assetratin0_.rating as rating46_0_,
        assetratin0_.createDate as createDate46_0_,
        assetratin0_.description as descript5_46_0_ 
    from
        AssetRating assetratin0_ 
    where
        assetratin0_.ASSETID=?
Hibernate: 
    /* load one-to-many com.hp.sdf.ngp.model.Asset.assetPrices */ select
        assetprice0_.ASSETID as ASSETID1_,
        assetprice0_.id as id1_,
        assetprice0_.id as id45_0_,
        assetprice0_.VERSIONID as VERSIONID45_0_,
        assetprice0_.ASSETID as ASSETID45_0_,
        assetprice0_.amount as amount45_0_,
        assetprice0_.currency as currency45_0_ 
    from
        AssetPrice assetprice0_ 
    where
        assetprice0_.ASSETID=?
Hibernate: 
    /* criteria query */ select
        distinct this_.id as y0_ 
    from
        ScreenShots this_ 
    where
        this_.ASSETID=? limit ?
Hibernate: 
    /* criteria query */ select
        distinct this_.id as y0_ 
    from
        AssetTagRelation this_ 
    where
        this_.ASSETID=? limit ?
Hibernate: 
    /* load com.hp.sdf.ngp.model.ScreenShots */ select
        screenshot0_.id as id63_0_,
        screenshot0_.VERSIONID as VERSIONID63_0_,
        screenshot0_.ASSETID as ASSETID63_0_,
        screenshot0_.createDate as createDate63_0_,
        screenshot0_.storeLocation as storeLoc3_63_0_,
        screenshot0_.mediaType as mediaType63_0_,
        screenshot0_.description as descript5_63_0_,
        screenshot0_.sequence as sequence63_0_ 
    from
        ScreenShots screenshot0_ 
    where
        screenshot0_.id=?
Hibernate: 
    /* load com.hp.sdf.ngp.model.ScreenShots */ select
        screenshot0_.id as id63_0_,
        screenshot0_.VERSIONID as VERSIONID63_0_,
        screenshot0_.ASSETID as ASSETID63_0_,
        screenshot0_.createDate as createDate63_0_,
        screenshot0_.storeLocation as storeLoc3_63_0_,
        screenshot0_.mediaType as mediaType63_0_,
        screenshot0_.description as descript5_63_0_,
        screenshot0_.sequence as sequence63_0_ 
    from
        ScreenShots screenshot0_ 
    where
        screenshot0_.id=?
Hibernate: 
    /* load com.hp.sdf.ngp.model.ScreenShots */ select
        screenshot0_.id as id63_0_,
        screenshot0_.VERSIONID as VERSIONID63_0_,
        screenshot0_.ASSETID as ASSETID63_0_,
        screenshot0_.createDate as createDate63_0_,
        screenshot0_.storeLocation as storeLoc3_63_0_,
        screenshot0_.mediaType as mediaType63_0_,
        screenshot0_.description as descript5_63_0_,
        screenshot0_.sequence as sequence63_0_ 
    from
        ScreenShots screenshot0_ 
    where
        screenshot0_.id=?
Hibernate: 
    /* load com.hp.sdf.ngp.model.AssetPrice */ select
        assetprice0_.id as id45_0_,
        assetprice0_.VERSIONID as VERSIONID45_0_,
        assetprice0_.ASSETID as ASSETID45_0_,
        assetprice0_.amount as amount45_0_,
        assetprice0_.currency as currency45_0_ 
    from
        AssetPrice assetprice0_ 
    where
        assetprice0_.id=?
Hibernate: 
    /* load com.hp.sdf.ngp.model.AssetRating */ select
        assetratin0_.id as id46_0_,
        assetratin0_.ASSETID as ASSETID46_0_,
        assetratin0_.userid as userid46_0_,
        assetratin0_.rating as rating46_0_,
        assetratin0_.createDate as createDate46_0_,
        assetratin0_.description as descript5_46_0_ 
    from
        AssetRating assetratin0_ 
    where
        assetratin0_.id=?
Hibernate: 
    /* load com.hp.sdf.ngp.model.Asset */ select
        asset0_.id as id38_1_,
        asset0_.entityId as entityId38_1_,
        asset0_.brief as brief38_1_,
        asset0_.externalId as externalId38_1_,
        asset0_.newArrivalDueDate as newArriv5_38_1_,
        asset0_.publishDate as publishD6_38_1_,
        asset0_.recommendDueDate as recommen7_38_1_,
        asset0_.recommendStartDate as recommen8_38_1_,
        asset0_.recommendUpdateDate as recommen9_38_1_,
        asset0_.PARENTID as PARENTID38_1_,
        asset0_.PROVIDERID as PROVIDERID38_1_,
        asset0_.downloadCount as downloa10_38_1_,
        asset0_.docUrl as docUrl38_1_,
        asset0_.createDate as createDate38_1_,
        asset0_.currentVersionId as current13_38_1_,
        asset0_.averageUserRating as average14_38_1_,
        asset0_.thumbnailBigLocation as thumbna15_38_1_,
        asset0_.thumbnailMiddleLocation as thumbna16_38_1_,
        asset0_.thumbnailLocation as thumbna17_38_1_,
        asset0_.recommendOrder as recomme18_38_1_,
        asset0_.updateDate as updateDate38_1_,
        asset0_.authorid as authorid38_1_,
        asset0_.currentVersion as current21_38_1_,
        asset0_.assetHomePage as assetHo22_38_1_,
        asset0_.name as name38_1_,
        asset0_.source as source38_1_,
        asset0_.description as descrip25_38_1_,
        asset0_.STATUSID as STATUSID38_1_,
        screenshot1_.ASSETID as ASSETID3_,
        screenshot1_.id as id3_,
        screenshot1_.id as id63_0_,
        screenshot1_.VERSIONID as VERSIONID63_0_,
        screenshot1_.ASSETID as ASSETID63_0_,
        screenshot1_.createDate as createDate63_0_,
        screenshot1_.storeLocation as storeLoc3_63_0_,
        screenshot1_.mediaType as mediaType63_0_,
        screenshot1_.description as descript5_63_0_,
        screenshot1_.sequence as sequence63_0_ 
    from
        Asset asset0_ 
    left outer join
        ScreenShots screenshot1_ 
            on asset0_.id=screenshot1_.ASSETID 
    where
        asset0_.id=?
Hibernate: 
    /* load one-to-many com.hp.sdf.ngp.model.Asset.assetRatings */ select
        assetratin0_.ASSETID as ASSETID1_,
        assetratin0_.id as id1_,
        assetratin0_.id as id46_0_,
        assetratin0_.ASSETID as ASSETID46_0_,
        assetratin0_.userid as userid46_0_,
        assetratin0_.rating as rating46_0_,
        assetratin0_.createDate as createDate46_0_,
        assetratin0_.description as descript5_46_0_ 
    from
        AssetRating assetratin0_ 
    where
        assetratin0_.ASSETID=?
Hibernate: 
    /* load com.hp.sdf.ngp.eav.model.Entity */ select
        entity0_.entityID as entityID35_0_,
        entity0_.entityType as entityType35_0_ 
    from
        Entity entity0_ 
    where
        entity0_.entityID=?
Hibernate: 
    /* load one-to-many com.hp.sdf.ngp.eav.model.Entity.attributes */ select
        attributes0_.ENTITYID as ENTITYID1_,
        attributes0_.id as id1_,
        attributes0_.id as id36_0_,
        attributes0_.attributeType as attribut2_36_0_,
        attributes0_.attributeValueID as attribut3_36_0_,
        attributes0_.ENTITYID as ENTITYID36_0_ 
    from
        EntityAttribute attributes0_ 
    where
        attributes0_.ENTITYID=?
Hibernate: 
    /* load com.hp.sdf.ngp.eav.model.AttributeValueChar */ select
        attributev0_.attributeValueID as attribut1_31_0_,
        attributev0_.entityId as entityId31_0_,
        attributev0_.attributeID as attribut4_31_0_,
        attributev0_.value as value31_0_ 
    from
        AttributeValueChar attributev0_ 
    where
        attributev0_.attributeValueID=?
Hibernate: 
    /* load com.hp.sdf.ngp.eav.model.Attribute */ select
        attribute0_.attributeID as attribut1_30_0_,
        attribute0_.attributeType as attribut2_30_0_,
        attribute0_.attributeName as attribut3_30_0_,
        attribute0_.attributeDesc as attribut4_30_0_ 
    from
        Attribute attribute0_ 
    where
        attribute0_.attributeID=?
Hibernate: 
    /* load com.hp.sdf.ngp.eav.model.AttributeValueNumber */ select
        attributev0_.attributeValueID as attribut1_34_0_,
        attributev0_.entityId as entityId34_0_,
        attributev0_.attributeID as attribut4_34_0_,
        attributev0_.value as value34_0_ 
    from
        AttributeValueNumber attributev0_ 
    where
        attributev0_.attributeValueID=?
Hibernate: 
    /* load com.hp.sdf.ngp.eav.model.Attribute */ select
        attribute0_.attributeID as attribut1_30_0_,
        attribute0_.attributeType as attribut2_30_0_,
        attribute0_.attributeName as attribut3_30_0_,
        attribute0_.attributeDesc as attribut4_30_0_ 
    from
        Attribute attribute0_ 
    where
        attribute0_.attributeID=?
Hibernate: 
    /* load com.hp.sdf.ngp.eav.model.AttributeValueChar */ select
        attributev0_.attributeValueID as attribut1_31_0_,
        attributev0_.entityId as entityId31_0_,
        attributev0_.attributeID as attribut4_31_0_,
        attributev0_.value as value31_0_ 
    from
        AttributeValueChar attributev0_ 
    where
        attributev0_.attributeValueID=?
Hibernate: 
    /* load com.hp.sdf.ngp.eav.model.Attribute */ select
        attribute0_.attributeID as attribut1_30_0_,
        attribute0_.attributeType as attribut2_30_0_,
        attribute0_.attributeName as attribut3_30_0_,
        attribute0_.attributeDesc as attribut4_30_0_ 
    from
        Attribute attribute0_ 
    where
        attribute0_.attributeID=?
Hibernate: 
    /* load com.hp.sdf.ngp.eav.model.AttributeValueDate */ select
        attributev0_.attributeValueID as attribut1_32_0_,
        attributev0_.entityId as entityId32_0_,
        attributev0_.attributeID as attribut4_32_0_,
        attributev0_.value as value32_0_ 
    from
        AttributeValueDate attributev0_ 
    where
        attributev0_.attributeValueID=?
Hibernate: 
    /* load com.hp.sdf.ngp.eav.model.Attribute */ select
        attribute0_.attributeID as attribut1_30_0_,
        attribute0_.attributeType as attribut2_30_0_,
        attribute0_.attributeName as attribut3_30_0_,
        attribute0_.attributeDesc as attribut4_30_0_ 
    from
        Attribute attribute0_ 
    where
        attribute0_.attributeID=?
Hibernate: 
    /* criteria query */ select
        distinct this_.attributeID as y0_ 
    from
        Attribute this_ 
    where
        this_.attributeName=? limit ?
Hibernate: 
    /* load com.hp.sdf.ngp.eav.model.Entity */ select
        entity0_.entityID as entityID35_0_,
        entity0_.entityType as entityType35_0_ 
    from
        Entity entity0_ 
    where
        entity0_.entityID=?
Hibernate: 
    /* load one-to-many com.hp.sdf.ngp.eav.model.Entity.attributes */ select
        attributes0_.ENTITYID as ENTITYID1_,
        attributes0_.id as id1_,
        attributes0_.id as id36_0_,
        attributes0_.attributeType as attribut2_36_0_,
        attributes0_.attributeValueID as attribut3_36_0_,
        attributes0_.ENTITYID as ENTITYID36_0_ 
    from
        EntityAttribute attributes0_ 
    where
        attributes0_.ENTITYID=?
Hibernate: 
    /* load com.hp.sdf.ngp.eav.model.AttributeValueChar */ select
        attributev0_.attributeValueID as attribut1_31_0_,
        attributev0_.entityId as entityId31_0_,
        attributev0_.attributeID as attribut4_31_0_,
        attributev0_.value as value31_0_ 
    from
        AttributeValueChar attributev0_ 
    where
        attributev0_.attributeValueID=?
Hibernate: 
    /* load com.hp.sdf.ngp.eav.model.Attribute */ select
        attribute0_.attributeID as attribut1_30_0_,
        attribute0_.attributeType as attribut2_30_0_,
        attribute0_.attributeName as attribut3_30_0_,
        attribute0_.attributeDesc as attribut4_30_0_ 
    from
        Attribute attribute0_ 
    where
        attribute0_.attributeID=?
Hibernate: 
    /* load com.hp.sdf.ngp.eav.model.AttributeValueNumber */ select
        attributev0_.attributeValueID as attribut1_34_0_,
        attributev0_.entityId as entityId34_0_,
        attributev0_.attributeID as attribut4_34_0_,
        attributev0_.value as value34_0_ 
    from
        AttributeValueNumber attributev0_ 
    where
        attributev0_.attributeValueID=?
Hibernate: 
    /* load com.hp.sdf.ngp.eav.model.Attribute */ select
        attribute0_.attributeID as attribut1_30_0_,
        attribute0_.attributeType as attribut2_30_0_,
        attribute0_.attributeName as attribut3_30_0_,
        attribute0_.attributeDesc as attribut4_30_0_ 
    from
        Attribute attribute0_ 
    where
        attribute0_.attributeID=?
Hibernate: 
    /* load com.hp.sdf.ngp.eav.model.AttributeValueChar */ select
        attributev0_.attributeValueID as attribut1_31_0_,
        attributev0_.entityId as entityId31_0_,
        attributev0_.attributeID as attribut4_31_0_,
        attributev0_.value as value31_0_ 
    from
        AttributeValueChar attributev0_ 
    where
        attributev0_.attributeValueID=?
Hibernate: 
    /* load com.hp.sdf.ngp.eav.model.Attribute */ select
        attribute0_.attributeID as attribut1_30_0_,
        attribute0_.attributeType as attribut2_30_0_,
        attribute0_.attributeName as attribut3_30_0_,
        attribute0_.attributeDesc as attribut4_30_0_ 
    from
        Attribute attribute0_ 
    where
        attribute0_.attributeID=?
Hibernate: 
    /* load com.hp.sdf.ngp.eav.model.AttributeValueDate */ select
        attributev0_.attributeValueID as attribut1_32_0_,
        attributev0_.entityId as entityId32_0_,
        attributev0_.attributeID as attribut4_32_0_,
        attributev0_.value as value32_0_ 
    from
        AttributeValueDate attributev0_ 
    where
        attributev0_.attributeValueID=?
Hibernate: 
[...]
        assetbinar0_.id as id39_0_,
        assetbinar0_.entityId as entityId39_0_,
        assetbinar0_.brief as brief39_0_,
        assetbinar0_.expireDate as expireDate39_0_,
        assetbinar0_.externalId as externalId39_0_,
        assetbinar0_.newArrivalDueDate as newArriv6_39_0_,
        assetbinar0_.publishDate as publishD7_39_0_,
        assetbinar0_.recommendDueDate as recommen8_39_0_,
        assetbinar0_.recommendStartDate as recommen9_39_0_,
        assetbinar0_.recommendUpdateDate as recomme10_39_0_,
        assetbinar0_.ASSETID as ASSETID39_0_,
        assetbinar0_.createDate as createDate39_0_,
        assetbinar0_.thumbnailBigLocation as thumbna12_39_0_,
        assetbinar0_.thumbnailMiddleLocation as thumbna13_39_0_,
        assetbinar0_.thumbnailLocation as thumbna14_39_0_,
        assetbinar0_.recommendOrder as recomme15_39_0_,
        assetbinar0_.ownerAssetParentId as ownerAs16_39_0_,
        assetbinar0_.updateDate as updateDate39_0_,
        assetbinar0_.name as name39_0_,
        assetbinar0_.location as location39_0_,
        assetbinar0_.fileName as fileName39_0_,
        assetbinar0_.fileSize as fileSize39_0_,
        assetbinar0_.version as version39_0_,
        assetbinar0_.description as descrip23_39_0_,
        assetbinar0_.STATUSID as STATUSID39_0_ 
    from
        AssetBinaryVersion assetbinar0_ 
    where
        assetbinar0_.id=?
Hibernate: 
    /* criteria query */ select
        distinct this_.id as y0_ 
    from
        BinaryFile this_ 
    where
        this_.fileLocation=? limit ?
Hibernate: 
    /* load one-to-many com.hp.sdf.ngp.model.AssetBinaryVersion.assetPrices */ select
        assetprice0_.VERSIONID as VERSIONID1_,
        assetprice0_.id as id1_,
        assetprice0_.id as id45_0_,
        assetprice0_.VERSIONID as VERSIONID45_0_,
        assetprice0_.ASSETID as ASSETID45_0_,
        assetprice0_.amount as amount45_0_,
        assetprice0_.currency as currency45_0_ 
    from
        AssetPrice assetprice0_ 
    where
        assetprice0_.VERSIONID=?
Hibernate: 
    /* load one-to-many com.hp.sdf.ngp.model.AssetBinaryVersion.assetLifecycleActions */ select
        assetlifec0_.ASSETBINARYVERSIONID as ASSETBI13_3_,
        assetlifec0_.id as id3_,
        assetlifec0_.id as id41_2_,
        assetlifec0_.ASSETBINARYVERSIONID as ASSETBI13_41_2_,
        assetlifec0_.result as result41_2_,
        assetlifec0_.ASSETID as ASSETID41_2_,
        assetlifec0_.comments as comments41_2_,
        assetlifec0_.completeDate as complete4_41_2_,
        assetlifec0_.createDate as createDate41_2_,
        assetlifec0_.event as event41_2_,
        assetlifec0_.submitterid as submitte7_41_2_,
        assetlifec0_.commentType as commentT8_41_2_,
        assetlifec0_.notificationDate as notifica9_41_2_,
        assetlifec0_.ownerid as ownerid41_2_,
        assetlifec0_.POSTSTATUSID as POSTSTA15_41_2_,
        assetlifec0_.PRESTATUSID as PRESTAT14_41_2_,
        assetlifec0_.processStatus as process11_41_2_,
        assetlifec0_.description as descrip12_41_2_,
        status1_.id as id67_0_,
        status1_.type as type67_0_,
        status1_.displayName as displayN3_67_0_,
        status1_.status as status67_0_,
        status2_.id as id67_1_,
        status2_.type as type67_1_,
        status2_.displayName as displayN3_67_1_,
        status2_.status as status67_1_ 
    from
        AssetLifecycleAction assetlifec0_ 
    left outer join
        Status status1_ 
            on assetlifec0_.POSTSTATUSID=status1_.id 
    left outer join
        Status status2_ 
            on assetlifec0_.PRESTATUSID=status2_.id 
    where
        assetlifec0_.ASSETBINARYVERSIONID=?
Hibernate: 
    /* load one-to-many com.hp.sdf.ngp.model.AssetBinaryVersion.assetRestrictionRelations */ select
        assetrestr0_.VERSIONID as VERSIONID1_,
        assetrestr0_.id as id1_,
        assetrestr0_.id as id47_0_,
        assetrestr0_.VERSIONID as VERSIONID47_0_,
        assetrestr0_.ASSETID as ASSETID47_0_,
        assetrestr0_.RESTRICTIONID as RESTRICT2_47_0_ 
    from
        AssetRestrictionRelation assetrestr0_ 
    where
        assetrestr0_.VERSIONID=?
Hibernate: 
    /* load one-to-many com.hp.sdf.ngp.model.AssetBinaryVersion.assetTagRelations */ select
        assettagre0_.VERSIONID as VERSIONID1_,
        assettagre0_.id as id1_,
        assettagre0_.id as id48_0_,
        assettagre0_.VERSIONID as VERSIONID48_0_,
        assettagre0_.ASSETID as ASSETID48_0_,
        assettagre0_.TAGID as TAGID48_0_ 
    from
        AssetTagRelation assettagre0_ 
    where
        assettagre0_.VERSIONID=?
Hibernate: 
    /* load com.hp.sdf.ngp.model.Asset */ select
        asset0_.id as id38_2_,
        asset0_.entityId as entityId38_2_,
        asset0_.brief as brief38_2_,
        asset0_.externalId as externalId38_2_,
        asset0_.newArrivalDueDate as newArriv5_38_2_,
        asset0_.publishDate as publishD6_38_2_,
        asset0_.recommendDueDate as recommen7_38_2_,
        asset0_.recommendStartDate as recommen8_38_2_,
        asset0_.recommendUpdateDate as recommen9_38_2_,
        asset0_.PARENTID as PARENTID38_2_,
        asset0_.PROVIDERID as PROVIDERID38_2_,
        asset0_.downloadCount as downloa10_38_2_,
        asset0_.docUrl as docUrl38_2_,
        asset0_.createDate as createDate38_2_,
        asset0_.currentVersionId as current13_38_2_,
        asset0_.averageUserRating as average14_38_2_,
        asset0_.thumbnailBigLocation as thumbna15_38_2_,
        asset0_.thumbnailMiddleLocation as thumbna16_38_2_,
        asset0_.thumbnailLocation as thumbna17_38_2_,
        asset0_.recommendOrder as recomme18_38_2_,
        asset0_.updateDate as updateDate38_2_,
        asset0_.authorid as authorid38_2_,
        asset0_.currentVersion as current21_38_2_,
        asset0_.assetHomePage as assetHo22_38_2_,
        asset0_.name as name38_2_,
        asset0_.source as source38_2_,
        asset0_.description as descrip25_38_2_,
        asset0_.STATUSID as STATUSID38_2_,
        assetratin1_.ASSETID as ASSETID4_,
        assetratin1_.id as id4_,
        assetratin1_.id as id46_0_,
        assetratin1_.ASSETID as ASSETID46_0_,
        assetratin1_.userid as userid46_0_,
        assetratin1_.rating as rating46_0_,
        assetratin1_.createDate as createDate46_0_,
        assetratin1_.description as descript5_46_0_,
        status2_.id as id67_1_,
        status2_.type as type67_1_,
        status2_.displayName as displayN3_67_1_,
        status2_.status as status67_1_ 
    from
        Asset asset0_ 
    left outer join
        AssetRating assetratin1_ 
            on asset0_.id=assetratin1_.ASSETID 
    inner join
        Status status2_ 
            on asset0_.STATUSID=status2_.id 
    where
        asset0_.id=?
Hibernate: 
    /* load one-to-many com.hp.sdf.ngp.model.Asset.assetTagRelations */ select
        assettagre0_.ASSETID as ASSETID1_,
        assettagre0_.id as id1_,
        assettagre0_.id as id48_0_,
        assettagre0_.VERSIONID as VERSIONID48_0_,
        assettagre0_.ASSETID as ASSETID48_0_,
        assettagre0_.TAGID as TAGID48_0_ 
    from
        AssetTagRelation assettagre0_ 
    where
        assettagre0_.ASSETID=?
Hibernate: 
    /* delete com.hp.sdf.ngp.model.AssetTagRelation */ delete 
        from
            AssetTagRelation 
        where
            id=?
Hibernate: 
    /* load one-to-many com.hp.sdf.ngp.model.AssetBinaryVersion.assetCategoryRelations */ select
        assetcateg0_.VERSIONID as VERSIONID1_,
        assetcateg0_.id as id1_,
        assetcateg0_.id as id40_0_,
        assetcateg0_.VERSIONID as VERSIONID40_0_,
        assetcateg0_.CTGID as CTGID40_0_,
        assetcateg0_.ASSETID as ASSETID40_0_ 
    from
        AssetCategoryRelation assetcateg0_ 
    where
        assetcateg0_.VERSIONID=?
Hibernate: 
    /* load one-to-many com.hp.sdf.ngp.model.AssetBinaryVersion.screenShotses */ select
        screenshot0_.VERSIONID as VERSIONID1_,
        screenshot0_.id as id1_,
        screenshot0_.id as id63_0_,
        screenshot0_.VERSIONID as VERSIONID63_0_,
        screenshot0_.ASSETID as ASSETID63_0_,
        screenshot0_.createDate as createDate63_0_,
        screenshot0_.storeLocation as storeLoc3_63_0_,
        screenshot0_.mediaType as mediaType63_0_,
        screenshot0_.description as descript5_63_0_,
        screenshot0_.sequence as sequence63_0_ 
    from
        ScreenShots screenshot0_ 
    where
        screenshot0_.VERSIONID=?
Hibernate: 
    /* load one-to-many com.hp.sdf.ngp.model.Asset.screenShotses */ select
        screenshot0_.ASSETID as ASSETID1_,
        screenshot0_.id as id1_,
        screenshot0_.id as id63_0_,
        screenshot0_.VERSIONID as VERSIONID63_0_,
        screenshot0_.ASSETID as ASSETID63_0_,
        screenshot0_.createDate as createDate63_0_,
        screenshot0_.storeLocation as storeLoc3_63_0_,
        screenshot0_.mediaType as mediaType63_0_,
        screenshot0_.description as descript5_63_0_,
        screenshot0_.sequence as sequence63_0_ 
    from
        ScreenShots screenshot0_ 
    where
        screenshot0_.ASSETID=?
Hibernate: 
    /* delete com.hp.sdf.ngp.model.ScreenShots */ delete 
        from
            ScreenShots 
        where
            id=?
Hibernate: 
    /* load com.hp.sdf.ngp.eav.model.Entity */ select
        entity0_.entityID as entityID35_0_,
        entity0_.entityType as entityType35_0_ 
    from
        Entity entity0_ 
    where
        entity0_.entityID=?
Hibernate: 
    /* load com.hp.sdf.ngp.eav.model.Entity */ select
        entity0_.entityID as entityID35_0_,
        entity0_.entityType as entityType35_0_ 
    from
        Entity entity0_ 
    where
        entity0_.entityID=?
Hibernate: 
    /* load one-to-many com.hp.sdf.ngp.eav.model.Entity.attributes */ select
        attributes0_.ENTITYID as ENTITYID1_,
        attributes0_.id as id1_,
        attributes0_.id as id36_0_,
        attributes0_.attributeType as attribut2_36_0_,
        attributes0_.attributeValueID as attribut3_36_0_,
        attributes0_.ENTITYID as ENTITYID36_0_ 
    from
        EntityAttribute attributes0_ 
    where
        attributes0_.ENTITYID=?
Hibernate: 
    /* load com.hp.sdf.ngp.eav.model.AttributeValueChar */ select
        attributev0_.attributeValueID as attribut1_31_0_,
        attributev0_.entityId as entityId31_0_,
        attributev0_.attributeID as attribut4_31_0_,
        attributev0_.value as value31_0_ 
    from
        AttributeValueChar attributev0_ 
    where
        attributev0_.attributeValueID=?
Hibernate: 
    /* load com.hp.sdf.ngp.eav.model.AttributeValueChar */ select
        attributev0_.attributeValueID as attribut1_31_0_,
        attributev0_.entityId as entityId31_0_,
        attributev0_.attributeID as attribut4_31_0_,
        attributev0_.value as value31_0_ 
    from
        AttributeValueChar attributev0_ 
    where
        attributev0_.attributeValueID=?
Hibernate: 
    /* load com.hp.sdf.ngp.eav.model.Attribute */ select
        attribute0_.attributeID as attribut1_30_0_,
        attribute0_.attributeType as attribut2_30_0_,
        attribute0_.attributeName as attribut3_30_0_,
        attribute0_.attributeDesc as attribut4_30_0_ 
    from
        Attribute attribute0_ 
    where
        attribute0_.attributeID=?
Hibernate: 
    /* load com.hp.sdf.ngp.eav.model.Attribute */ select
        attribute0_.attributeID as attribut1_30_0_,
        attribute0_.attributeType as attribut2_30_0_,
        attribute0_.attributeName as attribut3_30_0_,
        attribute0_.attributeDesc as attribut4_30_0_ 
    from
        Attribute attribute0_ 
    where
        attribute0_.attributeID=?
Hibernate: 
    /* load com.hp.sdf.ngp.eav.model.AttributeValueNumber */ select
        attributev0_.attributeValueID as attribut1_34_0_,
        attributev0_.entityId as entityId34_0_,
        attributev0_.attributeID as attribut4_34_0_,
        attributev0_.value as value34_0_ 
    from
        AttributeValueNumber attributev0_ 
    where
        attributev0_.attributeValueID=?
Hibernate: 
    /* load com.hp.sdf.ngp.eav.model.AttributeValueChar */ select
        attributev0_.attributeValueID as attribut1_31_0_,
        attributev0_.entityId as entityId31_0_,
        attributev0_.attributeID as attribut4_31_0_,
        attributev0_.value as value31_0_ 
    from
        AttributeValueChar attributev0_ 
    where
        attributev0_.attributeValueID=?
Hibernate: 
    /* delete com.hp.sdf.ngp.eav.model.AttributeValueChar */ delete 
        from
            AttributeValueChar 
        where
            attributeValueID=?
Hibernate: 
    /* load com.hp.sdf.ngp.eav.model.AttributeValueNumber */ select
        attributev0_.attributeValueID as attribut1_34_0_,
        attributev0_.entityId as entityId34_0_,
        attributev0_.attributeID as attribut4_34_0_,
        attributev0_.value as value34_0_ 
    from
        AttributeValueNumber attributev0_ 
    where
        attributev0_.attributeValueID=?
</system-out>
    <system-err>java.lang.IllegalArgumentException: entity can not be null.
	at org.springframework.util.Assert.notNull(Assert.java:112)
	at com.hp.sdf.ngp.dao.BaseDao.remove(BaseDao.java:144)
	at com.hp.sdf.ngp.dao.BaseDao.remove(BaseDao.java:193)
	at com.hp.sdf.ngp.eav.impl.EavRepositoryImpl.deleteEntity(EavRepositoryImpl.java:82)
	at com.hp.sdf.ngp.eav.impl.EavRepositoryImpl$$FastClassByCGLIB$$5f842e73.invoke(&lt;generated&gt;)
	at net.sf.cglib.proxy.MethodProxy.invoke(MethodProxy.java:149)
	at org.springframework.aop.framework.Cglib2AopProxy$CglibMethodInvocation.invokeJoinpoint(Cglib2AopProxy.java:692)
	at org.springframework.aop.framework.ReflectiveMethodInvocation.proceed(ReflectiveMethodInvocation.java:150)
	at org.springframework.transaction.interceptor.TransactionInterceptor.invoke(TransactionInterceptor.java:107)
	at org.springframework.aop.framework.ReflectiveMethodInvocation.proceed(ReflectiveMethodInvocation.java:172)
	at org.springframework.aop.framework.Cglib2AopProxy$DynamicAdvisedInterceptor.intercept(Cglib2AopProxy.java:625)
	at com.hp.sdf.ngp.eav.impl.EavRepositoryImpl$$EnhancerByCGLIB$$5a459fbd.deleteEntity(&lt;generated&gt;)
	at com.hp.sdf.ngp.service.impl.ApplicationServiceImpl.deleteAssetBinary(ApplicationServiceImpl.java:1485)
	at com.hp.sdf.ngp.service.impl.ApplicationServiceImpl$$FastClassByCGLIB$$f4cdb9d1.invoke(&lt;generated&gt;)
	at net.sf.cglib.proxy.MethodProxy.invoke(MethodProxy.java:149)
	at org.springframework.aop.framework.Cglib2AopProxy$CglibMethodInvocation.invokeJoinpoint(Cglib2AopProxy.java:692)
	at org.springframework.aop.framework.ReflectiveMethodInvocation.proceed(ReflectiveMethodInvocation.java:150)
	at org.springframework.transaction.interceptor.TransactionInterceptor.invoke(TransactionInterceptor.java:107)
	at org.springframework.aop.framework.ReflectiveMethodInvocation.proceed(ReflectiveMethodInvocation.java:172)
	at org.springframework.aop.framework.Cglib2AopProxy$DynamicAdvisedInterceptor.intercept(Cglib2AopProxy.java:625)
	at com.hp.sdf.ngp.service.impl.ApplicationServiceImpl$$EnhancerByCGLIB$$6dd5379b.deleteAssetBinary(&lt;generated&gt;)
	at com.hp.sdf.ngp.api.impl.assetcatalog.AssetCatalogServiceImpl.deleteBinaryVersion(AssetCatalogServiceImpl.java:718)
	at com.hp.sdf.ngp.api.impl.assetcatalog.AssetCatalogServiceImpl$$FastClassByCGLIB$$eb88a218.invoke(&lt;generated&gt;)
	at net.sf.cglib.proxy.MethodProxy.invoke(MethodProxy.java:149)
	at org.springframework.aop.framework.Cglib2AopProxy$CglibMethodInvocation.invokeJoinpoint(Cglib2AopProxy.java:692)
	at org.springframework.aop.framework.ReflectiveMethodInvocation.proceed(ReflectiveMethodInvocation.java:150)
	at org.springframework.transaction.interceptor.TransactionInterceptor.invoke(TransactionInterceptor.java:107)
	at org.springframework.aop.framework.ReflectiveMethodInvocation.proceed(ReflectiveMethodInvocation.java:172)
	at org.springframework.aop.framework.Cglib2AopProxy$DynamicAdvisedInterceptor.intercept(Cglib2AopProxy.java:625)
	at com.hp.sdf.ngp.api.impl.assetcatalog.AssetCatalogServiceImpl$$EnhancerByCGLIB$$aff9d022.deleteBinaryVersion(&lt;generated&gt;)
	at com.hp.sdf.ngp.api.impl.delegate.AssetCatalogServiceDelegate.deleteBinaryVersion(AssetCatalogServiceDelegate.java:185)
	at com.hp.sdf.ngp.sbm.storeclient.TestClientContentService.testBug126_3(TestClientContentService.java:1227)
	at com.hp.sdf.ngp.sbm.storeclient.TestClientContentService.testBug126_1(TestClientContentService.java:1220)
	at sun.reflect.NativeMethodAccessorImpl.invoke0(Native Method)
	at sun.reflect.NativeMethodAccessorImpl.invoke(NativeMethodAccessorImpl.java:39)
	at sun.reflect.DelegatingMethodAccessorImpl.invoke(DelegatingMethodAccessorImpl.java:25)
	at java.lang.reflect.Method.invoke(Method.java:585)
	at org.junit.runners.model.FrameworkMethod$1.runReflectiveCall(FrameworkMethod.java:44)
	at org.junit.internal.runners.model.ReflectiveCallable.run(ReflectiveCallable.java:15)
	at org.junit.runners.model.FrameworkMethod.invokeExplosively(FrameworkMethod.java:41)
	at org.junit.internal.runners.statements.InvokeMethod.evaluate(InvokeMethod.java:20)
	at org.junit.internal.runners.statements.RunBefores.evaluate(RunBefores.java:28)
	at org.springframework.test.context.junit4.statements.RunBeforeTestMethodCallbacks.evaluate(RunBeforeTestMethodCallbacks.java:74)
	at org.junit.internal.runners.statements.RunAfters.evaluate(RunAfters.java:31)
	at org.springframework.test.context.junit4.statements.RunAfterTestMethodCallbacks.evaluate(RunAfterTestMethodCallbacks.java:82)
	at org.springframework.test.context.junit4.statements.SpringRepeat.evaluate(SpringRepeat.java:72)
	at org.springframework.test.context.junit4.SpringJUnit4ClassRunner.runChild(SpringJUnit4ClassRunner.java:240)
	at org.junit.runners.BlockJUnit4ClassRunner.runChild(BlockJUnit4ClassRunner.java:44)
	at org.junit.runners.ParentRunner.runChildren(ParentRunner.java:180)
	at org.junit.runners.ParentRunner.access$000(ParentRunner.java:41)
	at org.junit.runners.ParentRunner$1.evaluate(ParentRunner.java:173)
	at org.junit.internal.runners.statements.RunBefores.evaluate(RunBefores.java:28)
	at org.springframework.test.context.junit4.statements.RunBeforeTestClassCallbacks.evaluate(RunBeforeTestClassCallbacks.java:61)
	at org.junit.internal.runners.statements.RunAfters.evaluate(RunAfters.java:31)
	at org.springframework.test.context.junit4.statements.RunAfterTestClassCallbacks.evaluate(RunAfterTestClassCallbacks.java:70)
	at org.junit.runners.ParentRunner.run(ParentRunner.java:220)
	at org.springframework.test.context.junit4.SpringJUnit4ClassRunner.run(SpringJUnit4ClassRunner.java:180)
	at org.apache.maven.surefire.junit4.JUnit4TestSet.execute(JUnit4TestSet.java:62)
	at org.apache.maven.surefire.suite.AbstractDirectoryTestSuite.executeTestSet(AbstractDirectoryTestSuite.java:140)
	at org.apache.maven.surefire.suite.AbstractDirectoryTestSuite.execute(AbstractDirectoryTestSuite.java:127)
	at org.apache.maven.surefire.Surefire.run(Surefire.java:177)
	at sun.reflect.NativeMethodAccessorImpl.invoke0(Native Method)
	at sun.reflect.NativeMethodAccessorImpl.invoke(NativeMethodAccessorImpl.java:39)
	at sun.reflect.DelegatingMethodAccessorImpl.invoke(DelegatingMethodAccessorImpl.java:25)
	at java.lang.reflect.Method.invoke(Method.java:585)
	at org.apache.maven.surefire.booter.SurefireBooter.runSuitesInProcess(SurefireBooter.java:338)
	at org.apache.maven.surefire.booter.SurefireBooter.main(SurefireBooter.java:997)
</system-err>
  </testcase>
  <testcase classname="com.hp.sdf.ngp.sbm.storeclient.TestClientContentService" time="2.203" name="testBug113"/>
  <testcase classname="com.hp.sdf.ngp.sbm.storeclient.TestClientContentService" time="1.547" name="testBug136"/>
  <testcase classname="com.hp.sdf.ngp.sbm.storeclient.TestClientContentService" time="1.359" name="testBug137"/>
  <testcase classname="com.hp.sdf.ngp.sbm.storeclient.TestClientContentService" time="2.391" name="testBug138"/>
</testsuite>